 16:28:41 [INFO] iTXTech Mirai Console Loader version 1.0.5-9b6cf6d
 16:28:41 [INFO] https://github.com/iTXTech/mirai-console-loader
 16:28:41 [INFO] This program is licensed under GNU AGPL v3
 16:28:41 [DEBUG] Loading script: repo.js
 16:28:41 [DEBUG] Loading script: updater.js
 16:28:41 [DEBUG] Loading script: announcement.js
 16:28:41 [DEBUG] Loading script: config.js
 16:28:41 [DEBUG] Loading script: boot.js
 16:28:42 [DEBUG] Loading script: oraclejdk.js
 16:28:42 [INFO] Verifying "org.bouncycastle:bcprov-jdk15on" version 1.64
 16:28:43 [INFO] Verifying "net.mamoe:mirai-console" version 2.6-M2
 16:28:44 [INFO] Verifying "net.mamoe:mirai-console-terminal" version 2.6-M2
 16:28:44 [INFO] Verifying "net.mamoe:mirai-core-all" version 2.6-M2
 16:28:44 [INFO] Verifying "net.mamoe:mirai-login-solver-selenium" version 1.0-dev-16
 16:28:44 [INFO] Fetching Mirai Console Loader Announcement...
 16:28:44 [INFO] Mirai Console Loader Announcement:
Mirai Console Loader å…¬å‘Šæ 

[mirai-console] æœ€è¿‘, é¡¹ç›®ç»„å‘ç°äº†æƒé™ç³»ç»Ÿå¯èƒ½ä¼šè¢«é”™è¯¯çš„æå‰åŠ è½½å¯¼è‡´çš„3rdæƒé™ç³»ç»Ÿæ— æ³•æ­£ç¡®åŠ è½½

äºæ˜¯å†³å®š, äº 2.6 èµ·, è¶…å‰è®¿é—®æƒé™ç³»ç»Ÿå°†å¾—åˆ°ä¸€ä¸ªé”™è¯¯å¹¶ä¸­æ–­æ’ä»¶åŠ è½½, è¯·å„å¼€å‘è€…åŠæ—¶æ£€æŸ¥

å½±å“èŒƒå›´: https://github.com/mamoe/mirai-console/pull/307


[92m2021-04-10 16:28:47 I/main: Starting mirai-console...[0m[m
[92m2021-04-10 16:28:48 I/main: Backend: version 2.6-M2, built on 2021-04-04 01:24:17.[0m[m
[92m2021-04-10 16:28:48 I/main: Frontend Terminal: version 2.6-M2, provided by Mamoe Technologies[0m[m
[92m2021-04-10 16:28:48 I/main: Welcome to visit https://mirai.mamoe.net/[0m[m
[92m2021-04-10 16:28:48 I/net.mamoe.mirai-login-solver-selenium: Loading mirai-login-solver-selenium v1.0-dev-12[0m[m
[91m2021-04-10 16:28:48 W/net.mamoe.mirai-login-solver-selenium: mirai-login-solver-selenium is not supported.
java.lang.RuntimeException: Exception in loading selenium
	at net.mamoe.mirai.selenium.SeleniumLoginSolverImpl.<init>(SeleniumLoginSolverImpl.kt:32)
	at net.mamoe.mirai.selenium.SeleniumLoginSolver$SeleniumLoginSolver$2.invoke(SeleniumLoginSolver.kt:17)
	at net.mamoe.mirai.selenium.SeleniumLoginSolver$SeleniumLoginSolver$2.invoke(SeleniumLoginSolver.kt)
	at kotlin.SynchronizedLazyImpl.getValue(LazyJVM.kt:74)
	at net.mamoe.mirai.selenium.SeleniumLoginSolver.getInstance(SeleniumLoginSolver.kt)
	at net.mamoe.mirai.selenium.SeleniumLoginSolverPluginMode.onLoad(SeleniumLoginSolverPluginMode.kt:32)
	at net.mamoe.mirai.console.internal.plugin.JvmPluginInternal.internalOnLoad$mirai_console(JvmPluginInternal.kt:196)
	at net.mamoe.mirai.console.internal.plugin.BuiltInJvmPluginLoaderImpl.load(BuiltInJvmPluginLoaderImpl.kt:108)
	at net.mamoe.mirai.console.plugin.jvm.JvmPluginLoader$BuiltIn.load(JvmPluginLoader.kt)
	at net.mamoe.mirai.console.plugin.jvm.JvmPluginLoader$BuiltIn.load(JvmPluginLoader.kt:36)
	at net.mamoe.mirai.console.internal.plugin.PluginManagerImpl.loadPluginNoEnable(PluginManagerImpl.kt:85)
	at net.mamoe.mirai.console.internal.plugin.PluginManagerImpl.loadAllPluginsUsingBuiltInLoaders$mirai_console(PluginManagerImpl.kt:141)
	at net.mamoe.mirai.console.internal.MiraiConsoleImplementationBridge.doStart$mirai_console(MiraiConsoleImplementationBridge.kt:157)
	at net.mamoe.mirai.console.MiraiConsoleImplementation$Companion.start(MiraiConsoleImplementation.kt:277)
	at net.mamoe.mirai.console.terminal.MiraiConsoleTerminalLoader.startAsDaemon(MiraiConsoleTerminalLoader.kt:153)
	at net.mamoe.mirai.console.terminal.MiraiConsoleTerminalLoader.startAsDaemon$default(MiraiConsoleTerminalLoader.kt:152)
	at net.mamoe.mirai.console.terminal.MiraiConsoleTerminalLoader.main(MiraiConsoleTerminalLoader.kt:48)
	at java.base/jdk.internal.reflect.NativeMethodAccessorImpl.invoke0(Native Method)
	at java.base/jdk.internal.reflect.NativeMethodAccessorImpl.invoke(NativeMethodAccessorImpl.java:62)
	at java.base/jdk.internal.reflect.DelegatingMethodAccessorImpl.invoke(DelegatingMethodAccessorImpl.java:43)
	at java.base/java.lang.reflect.Method.invoke(Method.java:566)
	at org.itxtech.mcl.Utility.bootMirai(Utility.java:76)
	at java.base/jdk.internal.reflect.NativeMethodAccessorImpl.invoke0(Native Method)
	at java.base/jdk.internal.reflect.NativeMethodAccessorImpl.invoke(NativeMethodAccessorImpl.java:62)
	at java.base/jdk.internal.reflect.DelegatingMethodAccessorImpl.invoke(DelegatingMethodAccessorImpl.java:43)
	at java.base/java.lang.reflect.Method.invoke(Method.java:566)
	at org.mozilla.javascript.MemberBox.invoke(MemberBox.java:138)
	at org.mozilla.javascript.NativeJavaMethod.call(NativeJavaMethod.java:226)
	at org.mozilla.javascript.Interpreter.interpretLoop(Interpreter.java:1692)
	at org.mozilla.javascript.Interpreter.interpret(Interpreter.java:1013)
	at org.mozilla.javascript.InterpretedFunction.call(InterpretedFunction.java:109)
	at org.mozilla.javascript.ContextFactory.doTopCall(ContextFactory.java:412)
	at org.mozilla.javascript.ScriptRuntime.doTopCall(ScriptRuntime.java:3578)
	at org.mozilla.javascript.InterpretedFunction.call(InterpretedFunction.java:107)
	at org.mozilla.javascript.ArrowFunction.call(ArrowFunction.java:43)
	at org.mozilla.javascript.InterfaceAdapter.invokeImpl(InterfaceAdapter.java:155)
	at org.mozilla.javascript.InterfaceAdapter.lambda$invoke$0(InterfaceAdapter.java:105)
	at org.mozilla.javascript.Context.call(Context.java:554)
	at org.mozilla.javascript.ContextFactory.call(ContextFactory.java:522)
	at org.mozilla.javascript.InterfaceAdapter.invoke(InterfaceAdapter.java:105)
	at org.mozilla.javascript.jdk18.VMBridge_jdk18$1.invoke(VMBridge_jdk18.java:126)
	at com.sun.proxy.$Proxy4.run(Unknown Source)
	at org.itxtech.mcl.script.ScriptManager.phaseBoot(ScriptManager.java:101)
	at org.itxtech.mcl.Loader.start(Loader.java:129)
	at org.itxtech.mcl.Loader.main(Loader.java:53)
Caused by: java.lang.UnsupportedOperationException: Unsupported Platform: Linux
	at io.github.karlatemp.mxlib.selenium.MxSelenium.initialize0(MxSelenium.java:266)
	at io.github.karlatemp.mxlib.selenium.MxSelenium.initialize(MxSelenium.java:138)
	at net.mamoe.mirai.selenium.SeleniumLoginSolverImplKt$setup$2.invoke(SeleniumLoginSolverImpl.kt:63)
	at net.mamoe.mirai.selenium.SeleniumLoginSolverImplKt$setup$2.invoke(SeleniumLoginSolverImpl.kt)
	at kotlin.SynchronizedLazyImpl.getValue(LazyJVM.kt:74)
	at net.mamoe.mirai.selenium.SeleniumLoginSolverImplKt.getSetup(SeleniumLoginSolverImpl.kt)
	at net.mamoe.mirai.selenium.SeleniumLoginSolverImpl.<init>(SeleniumLoginSolverImpl.kt:31)
	... 44 more
Caused by: java.io.IOException: Cannot run program "xdg-settings": error=2, No such file or directory
	at java.base/java.lang.ProcessBuilder.start(ProcessBuilder.java:1128)
	at java.base/java.lang.ProcessBuilder.start(ProcessBuilder.java:1071)
	at io.github.karlatemp.mxlib.selenium.MxSelenium.commandProcessResult(MxSelenium.java:124)
	at io.github.karlatemp.mxlib.selenium.MxSelenium.commandProcessResult(MxSelenium.java:114)
	at io.github.karlatemp.mxlib.selenium.MxSelenium.initialize0(MxSelenium.java:252)
	... 50 more
Caused by: java.io.IOException: error=2, No such file or directory
	at java.base/java.lang.ProcessImpl.forkAndExec(Native Method)
	at java.base/java.lang.ProcessImpl.<init>(ProcessImpl.java:340)
	at java.base/java.lang.ProcessImpl.start(ProcessImpl.java:271)
	at java.base/java.lang.ProcessBuilder.start(ProcessBuilder.java:1107)
	... 54 more
[0m[m
[91m2021-04-10 16:28:48 W/net.mamoe.mirai-login-solver-selenium: Using HttpProxyServer mode[0m[m
[92m2021-04-10 16:28:48 I/plugin: Successfully loaded plugin net.mamoe.mirai-login-solver-selenium[0m[m
[92m2021-04-10 16:28:48 I/plugin: Successfully loaded plugin net.mamoe.mirai-api-http[0m[m
[92m2021-04-10 16:28:49 I/main: Prepared built-in commands: autoLogin, help, login, permission, status, stop[0m[m
[92m2021-04-10 16:28:49 I/net.mamoe.mirai-api-http: Starting Mirai HTTP Server in localhost:8080[0m[m
[92m2021-04-10 16:28:49 I/Mirai HTTP API: Http api server is running with authKey: an13154e4[0m[m
[92m2021-04-10 16:28:49 I/net.mamoe.mirai-api-http: å¿ƒè·³æ¨¡å—å¯ç”¨çŠ¶æ€: false[0m[m
[92m2021-04-10 16:28:50 I/net.mamoe.mirai-api-http: ä¸ŠæŠ¥æ¨¡å—å¯ç”¨çŠ¶æ€: false[0m[m
[92m2021-04-10 16:28:50 I/main: 2 plugin(s) enabled.[0m[m
[92m2021-04-10 16:28:50 I/main: Auto-login 246987206[0m[m
[92m2021-04-10 16:28:52 I/Bot.246987206: Logging in...[0m[m
[92m2021-04-10 16:28:55 I/Bot.246987206: No OtherClient online.[0m[m
[0m2021-04-10 16:28:58 V/Bot.246987206: Event: MemberCardChangeEvent(origin=, new=ajtï¼ˆï½€Î”Â´ï¼‰ï¼, member=NormalMember(342472121))[0m[m
[0m2021-04-10 16:28:58 V/Bot.246987206: [bot(1020661362)] ajtï¼ˆï½€Î”Â´ï¼‰ï¼(342472121) -> è¿™æ¬¡ç¦è¨€åº”è¯¥æ²¡Bugäº†[0m[m
[92m2021-04-10 16:28:59 I/Bot.246987206: Login successful[0m[m
[92m2021-04-10 16:28:59 I/main: mirai-console started successfully.[0m[m
> [91m2021-04-10 16:28:59 W/console: Closing input service...[0m[m
[0m2021-04-10 16:29:05 V/Bot.246987206: [bot(1020661362)] ajtï¼ˆï½€Î”Â´ï¼‰ï¼(342472121) -> [mirai:image:{B45FBA4A-6CC5-1599-6D69-F6B5649BFB53}.jpg][0m[m
