[92m2021-02-06 13:01:27 I/Net 342472121: Connected to server 42.81.192.226:443[0m
[0m2021-02-06 13:01:27 V/Net 342472121: Send: wtlogin.login[0m
[0m2021-02-06 13:01:27 V/Net 342472121: Recv: LoginPacketResponse.Captcha.Slider[0m
[91m2021-02-06 13:01:36 W/Net 342472121: org.openqa.selenium.WebDriverException: chrome not reachable
  (Session info: chrome=88.0.4324.146)
Build info: version: '4.0.0-alpha-7', revision: 'de8579b6d5'
System info: host: 'LAPTOP-94JCC9FB', ip: '192.168.1.108', os.name: 'Windows 10', os.arch: 'amd64', os.version: '10.0', java.version: '11.0.10'
Driver info: org.openqa.selenium.chrome.ChromeDriver
Capabilities {acceptInsecureCerts: false, browserName: chrome, browserVersion: 88.0.4324.146, chrome: {chromedriverVersion: 88.0.4324.96 (68dba2d8a0b14..., userDataDir: C:\Users\AnJT\AppData\Local...}, goog:chromeOptions: {debuggerAddress: localhost:51265}, javascriptEnabled: true, networkConnectionEnabled: false, pageLoadStrategy: eager, platform: WINDOWS, platformName: WINDOWS, proxy: Proxy(), setWindowRect: true, strictFileInteractability: false, timeouts: {implicit: 0, pageLoad: 300000, script: 30000}, unhandledPromptBehavior: dismiss and notify, webauthn:extension:largeBlob: true, webauthn:virtualAuthenticators: true}
Session ID: e3433f404af50d4c2b46d77bd21dbfa8
org.openqa.selenium.WebDriverException: chrome not reachable
  (Session info: chrome=88.0.4324.146)
Build info: version: '4.0.0-alpha-7', revision: 'de8579b6d5'
System info: host: 'LAPTOP-94JCC9FB', ip: '192.168.1.108', os.name: 'Windows 10', os.arch: 'amd64', os.version: '10.0', java.version: '11.0.10'
Driver info: org.openqa.selenium.chrome.ChromeDriver
Capabilities {acceptInsecureCerts: false, browserName: chrome, browserVersion: 88.0.4324.146, chrome: {chromedriverVersion: 88.0.4324.96 (68dba2d8a0b14..., userDataDir: C:\Users\AnJT\AppData\Local...}, goog:chromeOptions: {debuggerAddress: localhost:51265}, javascriptEnabled: true, networkConnectionEnabled: false, pageLoadStrategy: eager, platform: WINDOWS, platformName: WINDOWS, proxy: Proxy(), setWindowRect: true, strictFileInteractability: false, timeouts: {implicit: 0, pageLoad: 300000, script: 30000}, unhandledPromptBehavior: dismiss and notify, webauthn:extension:largeBlob: true, webauthn:virtualAuthenticators: true}
Session ID: e3433f404af50d4c2b46d77bd21dbfa8
	at java.base/jdk.internal.reflect.NativeConstructorAccessorImpl.newInstance0(Native Method)
	at java.base/jdk.internal.reflect.NativeConstructorAccessorImpl.newInstance(NativeConstructorAccessorImpl.java:62)
	at java.base/jdk.internal.reflect.DelegatingConstructorAccessorImpl.newInstance(DelegatingConstructorAccessorImpl.java:45)
	at java.base/java.lang.reflect.Constructor.newInstance(Constructor.java:490)
	at org.openqa.selenium.remote.codec.w3c.W3CHttpResponseCodec.createException(W3CHttpResponseCodec.java:196)
	at org.openqa.selenium.remote.codec.w3c.W3CHttpResponseCodec.decode(W3CHttpResponseCodec.java:129)
	at org.openqa.selenium.remote.codec.w3c.W3CHttpResponseCodec.decode(W3CHttpResponseCodec.java:53)
	at org.openqa.selenium.remote.HttpCommandExecutor.execute(HttpCommandExecutor.java:167)
	at org.openqa.selenium.remote.service.DriverCommandExecutor.execute(DriverCommandExecutor.java:123)
	at org.openqa.selenium.remote.RemoteWebDriver.execute(RemoteWebDriver.java:501)
	at org.openqa.selenium.remote.RemoteWebDriver.execute(RemoteWebDriver.java:558)
	at org.openqa.selenium.remote.RemoteWebDriver.execute(RemoteWebDriver.java:562)
	at org.openqa.selenium.remote.RemoteWebDriver.getWindowHandles(RemoteWebDriver.java:407)
	at net.mamoe.mirai.selenium.SeleniumLoginSolverImplKt.process(SeleniumLoginSolverImpl.kt:98)
	at net.mamoe.mirai.selenium.SeleniumLoginSolverImpl$onSolveSliderCaptcha$$inlined$suspendCoroutine$lambda$1.invoke(SeleniumLoginSolverImpl.kt:48)
	at net.mamoe.mirai.selenium.SeleniumLoginSolverImpl$onSolveSliderCaptcha$$inlined$suspendCoroutine$lambda$1.invoke(SeleniumLoginSolverImpl.kt:27)
	at kotlin.concurrent.ThreadsKt$thread$thread$1.run(Thread.kt:30)
[0m
[92m2021-02-06 13:01:36 I/Net 342472121: Connected to server 42.81.192.226:443[0m
[0m2021-02-06 13:01:36 V/Net 342472121: Send: wtlogin.login[0m
[0m2021-02-06 13:01:36 V/Net 342472121: Recv: LoginPacketResponse.Captcha.Slider[0m
