[0m2021-03-05 08:47:22 V/Net 246987206: Loading BdhSession from cache file[0m
[0m2021-03-05 08:47:22 V/Net 246987206: Loading server list from cache.[0m
[92m2021-03-05 08:47:22 I/Net 246987206: Connected to server 109.244.153.100:8080[0m
[0m2021-03-05 08:47:22 V/Net 246987206: Send: wtlogin.login[0m
[0m2021-03-05 08:47:23 V/Net 246987206: Recv: LoginPacketResponse.Success[0m
[92m2021-03-05 08:47:23 I/Net 246987206: Login successful[0m
[0m2021-03-05 08:47:23 V/Net 246987206: Send: StatSvc.register[0m
[0m2021-03-05 08:47:23 V/Net 246987206: Recv: Response(StatSvc.register)[0m
[92m2021-03-05 08:47:23 I/Net 246987206: Scheduled key refresh in 5h 55min 0.0s.[0m
[0m2021-03-05 08:47:23 V/Net 246987206: Send: StatSvc.register[0m
[0m2021-03-05 08:47:23 V/Net 246987206: Recv: Response(StatSvc.register)[0m
[92m2021-03-05 08:47:23 I/Net 246987206: Awaiting ConfigPushSvc.PushReq.[0m
[92m2021-03-05 08:47:23 I/Net 246987206: Syncing friend message history...[0m
[92m2021-03-05 08:47:23 I/Net 246987206: Start loading friend list...[0m
[92m2021-03-05 08:47:23 I/Net 246987206: Start loading stranger list...[0m
[0m2021-03-05 08:47:23 V/Net 246987206: Send: MessageSvc.PbGetMsg[0m
[0m2021-03-05 08:47:23 V/Net 246987206: Send: StatSvc.GetDevLoginInfo[0m
[0m2021-03-05 08:47:23 V/Net 246987206: Send: friendlist.getFriendGroupList[0m
[0m2021-03-05 08:47:23 V/Net 246987206: Send: OidbSvc.0x496[0m
[0m2021-03-05 08:47:23 V/Net 246987206: Send: OidbSvc.0x5d2_0[0m
[0m2021-03-05 08:47:23 V/Net 246987206: Recv: StrangerList.GetStrangerList.Response(result=0)[0m
[92m2021-03-05 08:47:23 I/Net 246987206: Successfully loaded stranger list: 0 in total[0m
[0m2021-03-05 08:47:23 V/Net 246987206: Recv: StatSvc.GetDevLoginInfo.Response(deviceList.size=1)[0m
[92m2021-03-05 08:47:23 I/Net 246987206: Syncing friend message history: Success.[0m
[0m2021-03-05 08:47:23 V/Net 246987206: Recv: TroopManagement.GetTroopConfig.Response(true)[0m
[92m2021-03-05 08:47:23 I/Net 246987206: Start loading group list...[0m
[0m2021-03-05 08:47:23 V/Net 246987206: Send: friendlist.GetTroopListReqV2[0m
[0m2021-03-05 08:47:23 V/Net 246987206: Recv: FriendList.GetFriendGroupList.Response[0m
[0m2021-03-05 08:47:23 V/Net 246987206: Send: friendlist.GetTroopMemberListReq[0m
[0m2021-03-05 08:47:23 V/Net 246987206: Send: friendlist.GetTroopMemberListReq[0m
[0m2021-03-05 08:47:23 V/Net 246987206: Recv: FriendList.GetFriendGroupList.Response[0m
[0m2021-03-05 08:47:23 V/Net 246987206: Loading friend list: 3/3[0m
[92m2021-03-05 08:47:23 I/Net 246987206: Successfully loaded friend list: 3 in total[0m
[0m2021-03-05 08:47:24 V/Net 246987206: Recv: FriendList.GetTroopMemberList.Response[0m
[0m2021-03-05 08:47:24 V/Net 246987206: Recv: FriendList.GetTroopMemberList.Response[0m
[92m2021-03-05 08:47:24 I/Net 246987206: Successfully loaded group list: 2 in total.[0m
[96m2021-03-05 08:47:26 D/Net 246987206: Received unknown commandName: ConfigPushSvc.PushDomain[0m
[0m2021-03-05 08:47:26 V/Net 246987206: Recv: ConfigPushSvc.PushReq.PushReqResponse.ServerListPush[0m
[92m2021-03-05 08:47:26 I/Net 246987206: Server list updated.[0m
[0m2021-03-05 08:47:26 V/Net 246987206: Recv: ConfigPushSvc.PushReq.PushReqResponse.ConfigPush[0m
[0m2021-03-05 08:47:26 V/Net 246987206: Saving bdh session to cache[0m
[0m2021-03-05 08:47:26 V/Net 246987206: Saving server list to cache[0m
[0m2021-03-05 08:47:26 V/Net 246987206: Send: ConfigPushSvc.PushResp[0m
[92m2021-03-05 08:47:26 I/Net 246987206: ConfigPushSvc.PushReq: Server updated.[0m
[0m2021-03-05 08:47:26 V/Net 246987206: Saving bdh session to cache[0m
[0m2021-03-05 08:47:26 V/Net 246987206: Send: ConfigPushSvc.PushResp[0m
[0m2021-03-05 08:51:53 V/Net 246987206: Send: Heartbeat.Alive[0m
[0m2021-03-05 08:51:53 V/Net 246987206: Recv: Heartbeat.Alive.Response[0m
[0m2021-03-05 09:01:03 V/Net 246987206: Send: Heartbeat.Alive[0m
[0m2021-03-05 09:01:03 V/Net 246987206: Recv: Heartbeat.Alive.Response[0m
[0m2021-03-05 09:04:09 V/Net 246987206: Channel closed.[0m
[0m2021-03-05 09:04:09 V/Net 246987206: Loading BdhSession from cache file[0m
[92m2021-03-05 09:04:09 I/Net 246987206: Connected to server 114.221.148.233:80[0m
[0m2021-03-05 09:04:09 V/Net 246987206: Send: wtlogin.login[0m
[0m2021-03-05 09:04:09 V/Net 246987206: Recv: LoginPacketResponse.Success[0m
[92m2021-03-05 09:04:09 I/Net 246987206: Login successful[0m
[0m2021-03-05 09:04:09 V/Net 246987206: Send: StatSvc.register[0m
[0m2021-03-05 09:04:09 V/Net 246987206: Recv: Response(StatSvc.register)[0m
[92m2021-03-05 09:04:09 I/Net 246987206: Scheduled key refresh in 5h 55min 0.0s.[0m
[92m2021-03-05 09:04:09 I/Net 246987206: Syncing friend message history...[0m
[0m2021-03-05 09:04:09 V/Net 246987206: Send: MessageSvc.PbGetMsg[0m
[92m2021-03-05 09:04:09 I/Net 246987206: Syncing friend message history: Success.[0m
[96m2021-03-05 09:04:12 D/Net 246987206: Received unknown commandName: ConfigPushSvc.PushDomain[0m
[0m2021-03-05 09:04:12 V/Net 246987206: Recv: ConfigPushSvc.PushReq.PushReqResponse.ConfigPush[0m
[0m2021-03-05 09:04:12 V/Net 246987206: Saving bdh session to cache[0m
[0m2021-03-05 09:04:12 V/Net 246987206: Send: ConfigPushSvc.PushResp[0m
[0m2021-03-05 09:08:39 V/Net 246987206: Send: Heartbeat.Alive[0m
[0m2021-03-05 09:08:39 V/Net 246987206: Recv: Heartbeat.Alive.Response[0m
[0m2021-03-05 09:08:41 V/Net 246987206: Send: MessageSvc.PbSendMsg[0m
[0m2021-03-05 09:08:41 V/Net 246987206: Recv: MessageSvcPbSendMsg.Response.SUCCESS[0m
[0m2021-03-05 09:08:52 V/Net 246987206: Send: OnlinePush.RespPush[0m
[0m2021-03-05 09:09:00 V/Net 246987206: Send: OnlinePush.RespPush[0m
[0m2021-03-05 09:10:26 V/Net 246987206: Send: MessageSvc.PbSendMsg[0m
[0m2021-03-05 09:10:26 V/Net 246987206: Recv: MessageSvcPbSendMsg.Response.SUCCESS[0m
[0m2021-03-05 09:11:30 V/Net 246987206: Send: MessageSvc.PbSendMsg[0m
[0m2021-03-05 09:11:30 V/Net 246987206: Recv: MessageSvcPbSendMsg.Response.SUCCESS[0m
[0m2021-03-05 09:11:33 V/Net 246987206: Send: MessageSvc.PbSendMsg[0m
[0m2021-03-05 09:11:34 V/Net 246987206: Recv: MessageSvcPbSendMsg.Response.SUCCESS[0m
[0m2021-03-05 09:12:53 V/Net 246987206: Send: MessageSvc.PbSendMsg[0m
[0m2021-03-05 09:12:53 V/Net 246987206: Recv: MessageSvcPbSendMsg.Response.SUCCESS[0m
[0m2021-03-05 09:12:55 V/Net 246987206: Send: MessageSvc.PbSendMsg[0m
[0m2021-03-05 09:12:55 V/Net 246987206: Recv: MessageSvcPbSendMsg.Response.SUCCESS[0m
[0m2021-03-05 09:13:09 V/Net 246987206: Send: Heartbeat.Alive[0m
[0m2021-03-05 09:13:09 V/Net 246987206: Recv: Heartbeat.Alive.Response[0m
[0m2021-03-05 09:17:39 V/Net 246987206: Send: Heartbeat.Alive[0m
[0m2021-03-05 09:17:39 V/Net 246987206: Recv: Heartbeat.Alive.Response[0m
[0m2021-03-05 09:22:09 V/Net 246987206: Send: Heartbeat.Alive[0m
[0m2021-03-05 09:22:09 V/Net 246987206: Recv: Heartbeat.Alive.Response[0m
[0m2021-03-05 09:26:39 V/Net 246987206: Send: Heartbeat.Alive[0m
[0m2021-03-05 09:26:39 V/Net 246987206: Recv: Heartbeat.Alive.Response[0m
[0m2021-03-05 09:28:16 V/Net 246987206: Channel closed.[0m
[0m2021-03-05 09:28:16 V/Net 246987206: Loading BdhSession from cache file[0m
[92m2021-03-05 09:28:16 I/Net 246987206: Connected to server 42.81.192.198:443[0m
[0m2021-03-05 09:28:16 V/Net 246987206: Send: wtlogin.login[0m
[0m2021-03-05 09:28:16 V/Net 246987206: Recv: LoginPacketResponse.Success[0m
[92m2021-03-05 09:28:16 I/Net 246987206: Login successful[0m
[0m2021-03-05 09:28:16 V/Net 246987206: Send: StatSvc.register[0m
[0m2021-03-05 09:28:16 V/Net 246987206: Recv: Response(StatSvc.register)[0m
[92m2021-03-05 09:28:16 I/Net 246987206: Scheduled key refresh in 5h 55min 0.0s.[0m
[92m2021-03-05 09:28:16 I/Net 246987206: Syncing friend message history...[0m
[0m2021-03-05 09:28:16 V/Net 246987206: Send: MessageSvc.PbGetMsg[0m
[92m2021-03-05 09:28:16 I/Net 246987206: Syncing friend message history: Success.[0m
[0m2021-03-05 09:28:19 V/Net 246987206: Recv: ConfigPushSvc.PushReq.PushReqResponse.ServerListPush[0m
[92m2021-03-05 09:28:19 I/Net 246987206: Server list updated.[0m
[0m2021-03-05 09:28:19 V/Net 246987206: Saving bdh session to cache[0m
[0m2021-03-05 09:28:19 V/Net 246987206: Saving server list to cache[0m
[0m2021-03-05 09:28:19 V/Net 246987206: Send: ConfigPushSvc.PushResp[0m
[96m2021-03-05 09:28:19 D/Net 246987206: Received unknown commandName: ConfigPushSvc.PushDomain[0m
[0m2021-03-05 09:28:19 V/Net 246987206: Recv: ConfigPushSvc.PushReq.PushReqResponse.ConfigPush[0m
[0m2021-03-05 09:28:19 V/Net 246987206: Saving bdh session to cache[0m
[0m2021-03-05 09:28:19 V/Net 246987206: Send: ConfigPushSvc.PushResp[0m
[0m2021-03-05 09:28:39 V/Net 246987206: Send: MessageSvc.PbSendMsg[0m
[0m2021-03-05 09:28:39 V/Net 246987206: Recv: MessageSvcPbSendMsg.Response.SUCCESS[0m
[0m2021-03-05 09:31:08 V/Net 246987206: Send: MessageSvc.PbSendMsg[0m
[0m2021-03-05 09:31:08 V/Net 246987206: Recv: MessageSvcPbSendMsg.Response.SUCCESS[0m
[0m2021-03-05 09:32:46 V/Net 246987206: Send: Heartbeat.Alive[0m
[0m2021-03-05 09:32:46 V/Net 246987206: Recv: Heartbeat.Alive.Response[0m
[0m2021-03-05 09:32:57 V/Net 246987206: Send: MessageSvc.PbSendMsg[0m
[0m2021-03-05 09:32:57 V/Net 246987206: Recv: MessageSvcPbSendMsg.Response.SUCCESS[0m
[0m2021-03-05 09:38:27 V/Net 246987206: Send: Heartbeat.Alive[0m
[0m2021-03-05 09:38:32 V/Net 246987206: Recv: Heartbeat.Alive.Response[0m
[0m2021-03-05 09:43:02 V/Net 246987206: Send: Heartbeat.Alive[0m
[0m2021-03-05 09:43:02 V/Net 246987206: Recv: Heartbeat.Alive.Response[0m
[0m2021-03-05 09:45:55 V/Net 246987206: Send: MessageSvc.PbSendMsg[0m
[0m2021-03-05 09:45:55 V/Net 246987206: Recv: MessageSvcPbSendMsg.Response.SUCCESS[0m
[0m2021-03-05 09:45:58 V/Net 246987206: Send: MessageSvc.PbSendMsg[0m
[0m2021-03-05 09:45:58 V/Net 246987206: Recv: MessageSvcPbSendMsg.Response.SUCCESS[0m
[0m2021-03-05 09:47:32 V/Net 246987206: Send: Heartbeat.Alive[0m
[0m2021-03-05 09:47:32 V/Net 246987206: Recv: Heartbeat.Alive.Response[0m
[0m2021-03-05 09:47:46 V/Net 246987206: Send: MessageSvc.PbSendMsg[0m
[0m2021-03-05 09:47:47 V/Net 246987206: Recv: MessageSvcPbSendMsg.Response.SUCCESS[0m
[0m2021-03-05 09:48:47 V/Net 246987206: Send: MessageSvc.PbSendMsg[0m
[0m2021-03-05 09:48:47 V/Net 246987206: Recv: MessageSvcPbSendMsg.Response.SUCCESS[0m
[0m2021-03-05 09:52:03 V/Net 246987206: Send: Heartbeat.Alive[0m
[0m2021-03-05 09:52:03 V/Net 246987206: Recv: Heartbeat.Alive.Response[0m
[0m2021-03-05 09:52:25 V/Net 246987206: Send: MessageSvc.PbSendMsg[0m
[0m2021-03-05 09:52:25 V/Net 246987206: Recv: MessageSvcPbSendMsg.Response.SUCCESS[0m
[0m2021-03-05 09:52:32 V/Net 246987206: Send: MessageSvc.PbSendMsg[0m
[0m2021-03-05 09:52:33 V/Net 246987206: Recv: MessageSvcPbSendMsg.Response.SUCCESS[0m
[0m2021-03-05 09:54:50 V/Net 246987206: Send: MessageSvc.PbSendMsg[0m
[0m2021-03-05 09:54:51 V/Net 246987206: Recv: MessageSvcPbSendMsg.Response.SUCCESS[0m
[0m2021-03-05 09:54:58 V/Net 246987206: Send: MessageSvc.PbSendMsg[0m
[0m2021-03-05 09:54:58 V/Net 246987206: Recv: MessageSvcPbSendMsg.Response.SUCCESS[0m
[0m2021-03-05 09:55:04 V/Net 246987206: Send: MessageSvc.PbSendMsg[0m
[0m2021-03-05 09:55:04 V/Net 246987206: Recv: MessageSvcPbSendMsg.Response.SUCCESS[0m
[0m2021-03-05 09:55:11 V/Net 246987206: Send: MessageSvc.PbSendMsg[0m
[0m2021-03-05 09:55:11 V/Net 246987206: Recv: MessageSvcPbSendMsg.Response.SUCCESS[0m
[0m2021-03-05 09:55:21 V/Net 246987206: Send: MessageSvc.PbSendMsg[0m
[0m2021-03-05 09:55:21 V/Net 246987206: Recv: MessageSvcPbSendMsg.Response.SUCCESS[0m
[0m2021-03-05 09:55:27 V/Net 246987206: Send: MessageSvc.PbSendMsg[0m
[0m2021-03-05 09:55:27 V/Net 246987206: Recv: MessageSvcPbSendMsg.Response.SUCCESS[0m
[0m2021-03-05 09:56:33 V/Net 246987206: Send: Heartbeat.Alive[0m
[0m2021-03-05 09:56:33 V/Net 246987206: Recv: Heartbeat.Alive.Response[0m
[0m2021-03-05 10:01:03 V/Net 246987206: Send: Heartbeat.Alive[0m
[0m2021-03-05 10:01:03 V/Net 246987206: Recv: Heartbeat.Alive.Response[0m
[0m2021-03-05 10:04:25 V/Net 246987206: Send: MessageSvc.PbSendMsg[0m
[0m2021-03-05 10:04:25 V/Net 246987206: Recv: MessageSvcPbSendMsg.Response.SUCCESS[0m
[0m2021-03-05 10:04:29 V/Net 246987206: Send: MessageSvc.PbSendMsg[0m
[0m2021-03-05 10:04:29 V/Net 246987206: Recv: MessageSvcPbSendMsg.Response.SUCCESS[0m
[0m2021-03-05 10:04:39 V/Net 246987206: Send: MessageSvc.PbSendMsg[0m
[0m2021-03-05 10:04:40 V/Net 246987206: Recv: MessageSvcPbSendMsg.Response.SUCCESS[0m
[0m2021-03-05 10:05:33 V/Net 246987206: Send: Heartbeat.Alive[0m
[0m2021-03-05 10:05:33 V/Net 246987206: Recv: Heartbeat.Alive.Response[0m
[0m2021-03-05 10:06:31 V/Net 246987206: Send: MessageSvc.PbSendMsg[0m
[0m2021-03-05 10:06:31 V/Net 246987206: Recv: MessageSvcPbSendMsg.Response.SUCCESS[0m
[0m2021-03-05 10:06:36 V/Net 246987206: Send: MessageSvc.PbSendMsg[0m
[0m2021-03-05 10:06:36 V/Net 246987206: Recv: MessageSvcPbSendMsg.Response.SUCCESS[0m
[0m2021-03-05 10:06:40 V/Net 246987206: Send: MessageSvc.PbSendMsg[0m
[0m2021-03-05 10:06:40 V/Net 246987206: Recv: MessageSvcPbSendMsg.Response.SUCCESS[0m
[0m2021-03-05 10:06:44 V/Net 246987206: Send: MessageSvc.PbSendMsg[0m
[0m2021-03-05 10:06:44 V/Net 246987206: Recv: MessageSvcPbSendMsg.Response.SUCCESS[0m
[0m2021-03-05 10:06:53 V/Net 246987206: Send: MessageSvc.PbSendMsg[0m
[0m2021-03-05 10:06:53 V/Net 246987206: Recv: MessageSvcPbSendMsg.Response.SUCCESS[0m
[0m2021-03-05 10:10:03 V/Net 246987206: Send: Heartbeat.Alive[0m
[0m2021-03-05 10:10:03 V/Net 246987206: Recv: Heartbeat.Alive.Response[0m
[0m2021-03-05 10:14:33 V/Net 246987206: Send: Heartbeat.Alive[0m
[0m2021-03-05 10:14:33 V/Net 246987206: Recv: Heartbeat.Alive.Response[0m
[0m2021-03-05 10:18:47 V/Net 246987206: Send: MessageSvc.PbSendMsg[0m
[0m2021-03-05 10:18:47 V/Net 246987206: Recv: MessageSvcPbSendMsg.Response.SUCCESS[0m
[0m2021-03-05 10:18:54 V/Net 246987206: Send: ImgStore.GroupPicUp[0m
[0m2021-03-05 10:18:54 V/Net 246987206: Recv: FileExists(fileId=2807106592, fileInfo=ImgInfo(fileMd5=[-83, 84, -92, -120, -40, 86, -64, 6, -103, -116, 114, -115, -20, -64, 76, -79], fileType=2001, fileSize=1012387, fileWidth=0, fileHeight=0))[0m
[0m2021-03-05 10:18:54 V/Net 246987206: Send: ImgStore.GroupPicUp[0m
[0m2021-03-05 10:18:55 V/Net 246987206: Recv: RequireUpload(fileId=2892327608, uKey=[-40, -18, 6, 31, 48, 14, 113, -40, 115, 112, -6, 71, 104, 93, 50, -126, 87, -50, 33, 4, 80, 52, 73, 80, 22, -53, 124, -56, -35, 49, -57, 13, 84, -49, 26, 73, 83, 68, -124, -57, -30, -23, -20, -96, -94, 126, -65, 30, -57, 0, -77, -73, -121, -26, 61, 8, 0, 91, 72, -103, -44, -89, 77, -119, -49, 119, 100, 105, -44, 118, -86, 50, -46, 93, 4, 89, -89, -107, -126, 72, 84, 81, -104, 113, -119, 45, 84, -38, 48, 87, 50, -42, 125, 118, -45, 92, 54, 56, 28, 11, 13, -25, 68, 73, -95, -3, 4, 118, 44, -61, 1, -118, -33, 29, 96, -77, 37, 119, -46, 93, -32, 19, -123, 111, 94, 57, 98, -1])[0m
[0m2021-03-05 10:18:55 V/Net 246987206: Send: MessageSvc.PbSendMsg[0m
[0m2021-03-05 10:18:55 V/Net 246987206: Recv: MessageSvcPbSendMsg.Response.SUCCESS[0m
[0m2021-03-05 10:19:03 V/Net 246987206: Send: Heartbeat.Alive[0m
[0m2021-03-05 10:19:03 V/Net 246987206: Recv: Heartbeat.Alive.Response[0m
[0m2021-03-05 10:19:31 V/Net 246987206: Send: MessageSvc.PbSendMsg[0m
[0m2021-03-05 10:19:32 V/Net 246987206: Recv: MessageSvcPbSendMsg.Response.SUCCESS[0m
[0m2021-03-05 10:19:35 V/Net 246987206: Send: ImgStore.GroupPicUp[0m
[0m2021-03-05 10:19:35 V/Net 246987206: Recv: FileExists(fileId=3167931265, fileInfo=ImgInfo(fileMd5=[40, -101, -60, 26, 78, -10, -62, 108, 30, 112, -28, 93, 108, -119, -89, -54], fileType=2001, fileSize=1030299, fileWidth=0, fileHeight=0))[0m
[0m2021-03-05 10:19:35 V/Net 246987206: Send: ImgStore.GroupPicUp[0m
[0m2021-03-05 10:19:36 V/Net 246987206: Recv: RequireUpload(fileId=3149249580, uKey=[-21, 34, 55, -2, 46, -72, -112, 85, 40, 41, 29, -110, -120, 3, -22, 70, -31, -58, 10, 100, 105, 83, -104, -104, -61, 7, -123, 126, -58, 93, 113, 77, -77, 103, -85, -99, 60, -47, -63, -27, 71, -111, 83, 77, 8, 95, 44, 117, 38, 18, -125, 126, 39, -123, 77, -65, 111, -83, 102, 86, 2, -95, -102, -50, -52, 16, -79, -117, 22, -29, -107, -29, 93, 109, -76, 98, 79, -87, -100, 26, 2, 117, -64, 45, 23, 19, -12, 75, -125, 86, -80, -58, -21, 119, -49, 72, 119, -124, 49, -121, 119, 23, 108, 33, 102, 82, -6, 117, 28, 18, -111, -89, -48, 14, 76, 36, 45, 116, -70, -96, -75, -72, -76, -83, -116, 12, -117, 115])[0m
[0m2021-03-05 10:19:36 V/Net 246987206: Send: MessageSvc.PbSendMsg[0m
[0m2021-03-05 10:19:36 V/Net 246987206: Recv: MessageSvcPbSendMsg.Response.SUCCESS[0m
[0m2021-03-05 10:20:13 V/Net 246987206: Send: MessageSvc.PbSendMsg[0m
[0m2021-03-05 10:20:13 V/Net 246987206: Recv: MessageSvcPbSendMsg.Response.SUCCESS[0m
[0m2021-03-05 10:20:18 V/Net 246987206: Send: ImgStore.GroupPicUp[0m
[0m2021-03-05 10:20:19 V/Net 246987206: Recv: FileExists(fileId=2150340513, fileInfo=ImgInfo(fileMd5=[109, -32, -114, 23, 89, -68, 12, 32, -110, -106, -33, 20, -55, 15, -48, -11], fileType=2001, fileSize=1015001, fileWidth=0, fileHeight=0))[0m
[0m2021-03-05 10:20:19 V/Net 246987206: Send: ImgStore.GroupPicUp[0m
[0m2021-03-05 10:20:19 V/Net 246987206: Recv: RequireUpload(fileId=2653943361, uKey=[-87, -113, -49, 103, -72, -36, 9, 14, -13, -33, -41, 97, 102, -5, 71, 97, -70, 78, -30, -111, 101, 76, 71, -103, 97, 15, -41, -103, 2, -59, 67, 22, 96, -63, 31, 87, 10, -89, 83, -21, -55, 38, 51, 9, -31, 99, 120, 24, -106, -51, 35, -87, -110, -56, 6, -68, 9, 64, -30, 103, 95, 119, -57, -64, -84, 75, -10, -66, -4, -81, 10, -25, 27, -33, 50, 97, 117, 55, -81, -121, -115, 15, -67, -73, -96, 2, 23, -85, -101, 111, -12, 33, -63, -92, -124, 10, 120, -108, -90, 85, 42, -126, 55, -14, -81, -28, -123, 73, 68, 27, 51, -3, -54, 63, 70, 74, -45, 23, 79, -114, -86, 118, -100, 50, 62, -52, 23, -36])[0m
[0m2021-03-05 10:20:19 V/Net 246987206: Send: MessageSvc.PbSendMsg[0m
[0m2021-03-05 10:20:19 V/Net 246987206: Recv: MessageSvcPbSendMsg.Response.SUCCESS[0m
[0m2021-03-05 10:23:01 V/Net 246987206: Send: MessageSvc.PbSendMsg[0m
[0m2021-03-05 10:23:01 V/Net 246987206: Recv: MessageSvcPbSendMsg.Response.SUCCESS[0m
[0m2021-03-05 10:23:05 V/Net 246987206: Send: ImgStore.GroupPicUp[0m
[0m2021-03-05 10:23:05 V/Net 246987206: Recv: FileExists(fileId=3077572117, fileInfo=ImgInfo(fileMd5=[-75, 84, 98, -47, -66, 15, 48, 91, 68, -76, 31, -87, -114, -109, 37, 63], fileType=2001, fileSize=1183075, fileWidth=0, fileHeight=0))[0m
[0m2021-03-05 10:23:05 V/Net 246987206: Send: ImgStore.GroupPicUp[0m
[0m2021-03-05 10:23:05 V/Net 246987206: Recv: RequireUpload(fileId=2260930644, uKey=[105, -122, -128, -20, -87, 112, 94, -91, -108, 87, 77, 46, 78, -32, 4, -6, 60, 23, 79, -61, 106, 29, 126, 47, -20, 99, 113, -36, -77, -26, -115, -82, -101, -36, -61, -56, -98, 85, -2, -113, -83, -85, 121, 33, 65, 60, -100, -102, 96, -75, -54, 80, -101, -66, 70, -48, -1, 99, -83, -109, -98, 63, 60, 107, -69, 54, -20, -107, 55, -33, 52, 88, 108, -9, 16, -19, 90, -98, -37, -81, -107, 16, 4, -84, -15, 33, 126, -68, -76, -28, 63, -88, 0, 9, -47, -75, 58, 29, -39, -85, 3, 9, 86, 123, -4, 122, -80, -23, -94, -18, 57, -61, -80, 60, -55, 27, 17, -1, 35, -53, -127, -65, 57, 47, -63, -89, 94, -86])[0m
[0m2021-03-05 10:23:05 V/Net 246987206: Send: MessageSvc.PbSendMsg[0m
[0m2021-03-05 10:23:05 V/Net 246987206: Recv: MessageSvcPbSendMsg.Response.SUCCESS[0m
[0m2021-03-05 10:23:19 V/Net 246987206: Send: ImgStore.GroupPicUp[0m
[0m2021-03-05 10:23:19 V/Net 246987206: Recv: FileExists(fileId=2299554257, fileInfo=ImgInfo(fileMd5=[101, -47, -117, 66, -79, 87, -93, 13, 72, 43, 38, -53, -1, 84, 49, 77], fileType=2001, fileSize=2520578, fileWidth=0, fileHeight=0))[0m
[0m2021-03-05 10:23:19 V/Net 246987206: Send: ImgStore.GroupPicUp[0m
[0m2021-03-05 10:23:19 V/Net 246987206: Recv: RequireUpload(fileId=3139078998, uKey=[55, -24, -78, -55, 37, -30, -81, -33, 87, -67, -53, 20, -33, -106, -11, -82, 55, 89, 91, -30, 126, 66, 43, -34, -82, 36, 114, 17, 49, -99, 35, 14, 21, -57, 63, 62, 50, -35, -57, -68, 63, -12, 111, 121, -77, 90, 107, -27, 88, 102, 67, -113, -28, 112, 38, 20, -67, -92, 15, 75, -80, 61, -127, 92, 124, 44, 90, 49, -21, 82, 31, 55, -92, -97, 27, -16, -76, 105, -4, -123, 117, -38, -51, 10, 59, 40, -77, -110, -70, -26, 126, 54, 124, -52, 110, 55, -127, -1, -19, 33, -3, 46, 62, -90, 76, -16, -71, 89, -98, 77, -60, 121, 22, 119, 75, 17, -97, -111, 60, -99, -121, 108, -74, 12, 64, -47, 107, 43])[0m
[0m2021-03-05 10:23:19 V/Net 246987206: Send: MessageSvc.PbSendMsg[0m
[0m2021-03-05 10:23:20 V/Net 246987206: Recv: MessageSvcPbSendMsg.Response.SUCCESS[0m
[0m2021-03-05 10:23:33 V/Net 246987206: Send: Heartbeat.Alive[0m
[0m2021-03-05 10:23:33 V/Net 246987206: Recv: Heartbeat.Alive.Response[0m
[0m2021-03-05 10:24:23 V/Net 246987206: Send: ImgStore.GroupPicUp[0m
[0m2021-03-05 10:24:23 V/Net 246987206: Recv: FileExists(fileId=3156858544, fileInfo=ImgInfo(fileMd5=[118, -112, -50, -117, -122, 59, -59, -34, 44, 46, 5, 108, -46, -25, 100, 24], fileType=2001, fileSize=1029405, fileWidth=0, fileHeight=0))[0m
[0m2021-03-05 10:24:23 V/Net 246987206: Send: ImgStore.GroupPicUp[0m
[0m2021-03-05 10:24:23 V/Net 246987206: Recv: RequireUpload(fileId=2528211264, uKey=[-98, -53, -53, -5, 65, 62, 43, 96, 70, -125, -75, -95, -1, 0, -126, -30, -97, -124, 29, -18, 113, 42, -4, 111, 46, -79, -53, 39, -8, -34, 108, 57, 8, 62, -53, 122, 84, 78, 40, -35, -114, 105, 72, -99, -30, 107, 70, -123, -10, -24, -125, -8, -60, 72, 88, -20, 87, -39, -44, 26, -12, 121, -98, 99, 9, -32, -121, -87, 58, 51, 53, 91, -89, 68, 9, -77, -43, 91, -26, 118, -118, 102, 42, 9, -123, -108, 112, 51, -119, 60, 127, -108, -116, 27, 38, 119, 11, -22, -43, 51, -79, 120, 121, 32, -105, -28, 77, -16, 118, -125, -72, 56, -66, -88, 16, 95, 34, 55, 94, -96, 124, 71, 91, 87, -100, -49, 40, -8])[0m
[0m2021-03-05 10:24:23 V/Net 246987206: Send: MessageSvc.PbSendMsg[0m
[0m2021-03-05 10:24:23 V/Net 246987206: Recv: MessageSvcPbSendMsg.Response.SUCCESS[0m
[0m2021-03-05 10:26:29 V/Net 246987206: Send: MessageSvc.PbSendMsg[0m
[0m2021-03-05 10:26:29 V/Net 246987206: Recv: MessageSvcPbSendMsg.Response.SUCCESS[0m
[0m2021-03-05 10:26:38 V/Net 246987206: Send: MessageSvc.PbSendMsg[0m
[0m2021-03-05 10:26:38 V/Net 246987206: Recv: MessageSvcPbSendMsg.Response.SUCCESS[0m
[0m2021-03-05 10:28:03 V/Net 246987206: Send: Heartbeat.Alive[0m
[0m2021-03-05 10:28:03 V/Net 246987206: Recv: Heartbeat.Alive.Response[0m
[0m2021-03-05 10:32:33 V/Net 246987206: Send: Heartbeat.Alive[0m
[0m2021-03-05 10:32:33 V/Net 246987206: Recv: Heartbeat.Alive.Response[0m
[0m2021-03-05 10:37:03 V/Net 246987206: Send: Heartbeat.Alive[0m
[0m2021-03-05 10:37:03 V/Net 246987206: Recv: Heartbeat.Alive.Response[0m
[0m2021-03-05 10:41:33 V/Net 246987206: Send: Heartbeat.Alive[0m
[0m2021-03-05 10:41:34 V/Net 246987206: Recv: Heartbeat.Alive.Response[0m
[0m2021-03-05 10:43:14 V/Net 246987206: Channel closed.[0m
[0m2021-03-05 10:43:14 V/Net 246987206: Loading BdhSession from cache file[0m
[92m2021-03-05 10:43:14 I/Net 246987206: Connected to server 157.255.13.190:80[0m
[0m2021-03-05 10:43:14 V/Net 246987206: Send: wtlogin.login[0m
[0m2021-03-05 10:43:14 V/Net 246987206: Recv: LoginPacketResponse.Success[0m
[92m2021-03-05 10:43:14 I/Net 246987206: Login successful[0m
[0m2021-03-05 10:43:14 V/Net 246987206: Send: StatSvc.register[0m
[0m2021-03-05 10:43:14 V/Net 246987206: Recv: Response(StatSvc.register)[0m
[92m2021-03-05 10:43:14 I/Net 246987206: Scheduled key refresh in 5h 55min 0.0s.[0m
[92m2021-03-05 10:43:14 I/Net 246987206: Syncing friend message history...[0m
[0m2021-03-05 10:43:14 V/Net 246987206: Send: MessageSvc.PbGetMsg[0m
[92m2021-03-05 10:43:15 I/Net 246987206: Syncing friend message history: Success.[0m
[96m2021-03-05 10:43:17 D/Net 246987206: Received unknown commandName: ConfigPushSvc.PushDomain[0m
[0m2021-03-05 10:43:17 V/Net 246987206: Recv: ConfigPushSvc.PushReq.PushReqResponse.ServerListPush[0m
[92m2021-03-05 10:43:17 I/Net 246987206: Server list updated.[0m
[0m2021-03-05 10:43:17 V/Net 246987206: Saving bdh session to cache[0m
[0m2021-03-05 10:43:17 V/Net 246987206: Saving server list to cache[0m
[0m2021-03-05 10:43:17 V/Net 246987206: Send: ConfigPushSvc.PushResp[0m
[0m2021-03-05 10:43:18 V/Net 246987206: Recv: ConfigPushSvc.PushReq.PushReqResponse.ConfigPush[0m
[0m2021-03-05 10:43:18 V/Net 246987206: Saving bdh session to cache[0m
[0m2021-03-05 10:43:18 V/Net 246987206: Send: ConfigPushSvc.PushResp[0m
[0m2021-03-05 10:43:27 V/Net 246987206: Send: MessageSvc.PbSendMsg[0m
[0m2021-03-05 10:43:27 V/Net 246987206: Recv: MessageSvcPbSendMsg.Response.SUCCESS[0m
[0m2021-03-05 10:47:44 V/Net 246987206: Send: Heartbeat.Alive[0m
[0m2021-03-05 10:47:45 V/Net 246987206: Recv: Heartbeat.Alive.Response[0m
[0m2021-03-05 10:50:39 V/Net 246987206: Send: MessageSvc.PbSendMsg[0m
[0m2021-03-05 10:50:39 V/Net 246987206: Recv: MessageSvcPbSendMsg.Response.SUCCESS[0m
[0m2021-03-05 10:51:14 V/Net 246987206: Send: MessageSvc.PbSendMsg[0m
[0m2021-03-05 10:51:14 V/Net 246987206: Recv: MessageSvcPbSendMsg.Response.SUCCESS[0m
[0m2021-03-05 10:52:15 V/Net 246987206: Send: Heartbeat.Alive[0m
[0m2021-03-05 10:52:15 V/Net 246987206: Recv: Heartbeat.Alive.Response[0m
[0m2021-03-05 10:52:19 V/Net 246987206: Send: MessageSvc.PbSendMsg[0m
[0m2021-03-05 10:52:19 V/Net 246987206: Recv: MessageSvcPbSendMsg.Response.SUCCESS[0m
[0m2021-03-05 10:52:23 V/Net 246987206: Send: MessageSvc.PbSendMsg[0m
[0m2021-03-05 10:52:23 V/Net 246987206: Recv: MessageSvcPbSendMsg.Response.SUCCESS[0m
[0m2021-03-05 10:56:45 V/Net 246987206: Send: Heartbeat.Alive[0m
[0m2021-03-05 10:56:45 V/Net 246987206: Recv: Heartbeat.Alive.Response[0m
[0m2021-03-05 10:58:31 V/Net 246987206: Send: MessageSvc.PbSendMsg[0m
[0m2021-03-05 10:58:32 V/Net 246987206: Recv: MessageSvcPbSendMsg.Response.SUCCESS[0m
[0m2021-03-05 10:58:44 V/Net 246987206: Send: MessageSvc.PbSendMsg[0m
[0m2021-03-05 10:58:44 V/Net 246987206: Recv: MessageSvcPbSendMsg.Response.SUCCESS[0m
[0m2021-03-05 11:01:15 V/Net 246987206: Send: Heartbeat.Alive[0m
[0m2021-03-05 11:01:15 V/Net 246987206: Recv: Heartbeat.Alive.Response[0m
[0m2021-03-05 11:04:00 V/Net 246987206: Send: MessageSvc.PbSendMsg[0m
[0m2021-03-05 11:04:00 V/Net 246987206: Recv: MessageSvcPbSendMsg.Response.SUCCESS[0m
[0m2021-03-05 11:05:45 V/Net 246987206: Send: Heartbeat.Alive[0m
[0m2021-03-05 11:05:45 V/Net 246987206: Recv: Heartbeat.Alive.Response[0m
[0m2021-03-05 11:10:15 V/Net 246987206: Send: Heartbeat.Alive[0m
[0m2021-03-05 11:10:15 V/Net 246987206: Recv: Heartbeat.Alive.Response[0m
[0m2021-03-05 16:20:31 V/Net 246987206: Loading BdhSession from cache file[0m
[0m2021-03-05 16:20:31 V/Net 246987206: Loading server list from cache.[0m
[92m2021-03-05 16:20:31 I/Net 246987206: Connected to server 114.221.148.67:80[0m
[0m2021-03-05 16:20:31 V/Net 246987206: Send: wtlogin.login[0m
[0m2021-03-05 16:20:32 V/Net 246987206: Recv: LoginPacketResponse.Success[0m
[92m2021-03-05 16:20:32 I/Net 246987206: Login successful[0m
[0m2021-03-05 16:20:32 V/Net 246987206: Send: StatSvc.register[0m
[0m2021-03-05 16:20:32 V/Net 246987206: Recv: Response(StatSvc.register)[0m
[92m2021-03-05 16:20:32 I/Net 246987206: Scheduled key refresh in 5h 55min 0.0s.[0m
[0m2021-03-05 16:20:32 V/Net 246987206: Send: StatSvc.register[0m
[0m2021-03-05 16:20:32 V/Net 246987206: Recv: Response(StatSvc.register)[0m
[92m2021-03-05 16:20:32 I/Net 246987206: Awaiting ConfigPushSvc.PushReq.[0m
[92m2021-03-05 16:20:32 I/Net 246987206: Syncing friend message history...[0m
[92m2021-03-05 16:20:32 I/Net 246987206: Start loading friend list...[0m
[92m2021-03-05 16:20:32 I/Net 246987206: Start loading stranger list...[0m
[0m2021-03-05 16:20:32 V/Net 246987206: Send: MessageSvc.PbGetMsg[0m
[0m2021-03-05 16:20:32 V/Net 246987206: Send: StatSvc.GetDevLoginInfo[0m
[0m2021-03-05 16:20:32 V/Net 246987206: Send: friendlist.getFriendGroupList[0m
[0m2021-03-05 16:20:32 V/Net 246987206: Send: OidbSvc.0x496[0m
[0m2021-03-05 16:20:32 V/Net 246987206: Send: OidbSvc.0x5d2_0[0m
[0m2021-03-05 16:20:32 V/Net 246987206: Recv: StrangerList.GetStrangerList.Response(result=0)[0m
[92m2021-03-05 16:20:32 I/Net 246987206: Successfully loaded stranger list: 0 in total[0m
[0m2021-03-05 16:20:32 V/Net 246987206: Recv: StatSvc.GetDevLoginInfo.Response(deviceList.size=1)[0m
[92m2021-03-05 16:20:32 I/Net 246987206: Syncing friend message history: Success.[0m
[0m2021-03-05 16:20:32 V/Net 246987206: Recv: FriendList.GetFriendGroupList.Response[0m
[0m2021-03-05 16:20:32 V/Net 246987206: Recv: TroopManagement.GetTroopConfig.Response(true)[0m
[0m2021-03-05 16:20:32 V/Net 246987206: Loading friend list: 3/3[0m
[92m2021-03-05 16:20:32 I/Net 246987206: Successfully loaded friend list: 3 in total[0m
[92m2021-03-05 16:20:32 I/Net 246987206: Start loading group list...[0m
[0m2021-03-05 16:20:32 V/Net 246987206: Send: friendlist.GetTroopListReqV2[0m
[0m2021-03-05 16:20:33 V/Net 246987206: Recv: FriendList.GetFriendGroupList.Response[0m
[0m2021-03-05 16:20:33 V/Net 246987206: Send: friendlist.GetTroopMemberListReq[0m
[0m2021-03-05 16:20:33 V/Net 246987206: Send: friendlist.GetTroopMemberListReq[0m
[0m2021-03-05 16:20:33 V/Net 246987206: Recv: FriendList.GetTroopMemberList.Response[0m
[0m2021-03-05 16:20:33 V/Net 246987206: Recv: FriendList.GetTroopMemberList.Response[0m
[92m2021-03-05 16:20:33 I/Net 246987206: Successfully loaded group list: 2 in total.[0m
[96m2021-03-05 16:20:35 D/Net 246987206: Received unknown commandName: ConfigPushSvc.PushDomain[0m
[0m2021-03-05 16:20:35 V/Net 246987206: Recv: ConfigPushSvc.PushReq.PushReqResponse.ServerListPush[0m
[92m2021-03-05 16:20:35 I/Net 246987206: Server list updated.[0m
[0m2021-03-05 16:20:35 V/Net 246987206: Saving bdh session to cache[0m
[0m2021-03-05 16:20:35 V/Net 246987206: Recv: ConfigPushSvc.PushReq.PushReqResponse.ConfigPush[0m
[0m2021-03-05 16:20:35 V/Net 246987206: Saving server list to cache[0m
[0m2021-03-05 16:20:35 V/Net 246987206: Send: ConfigPushSvc.PushResp[0m
[92m2021-03-05 16:20:35 I/Net 246987206: ConfigPushSvc.PushReq: Server updated.[0m
[0m2021-03-05 16:20:35 V/Net 246987206: Saving bdh session to cache[0m
[0m2021-03-05 16:20:35 V/Net 246987206: Send: ConfigPushSvc.PushResp[0m
[0m2021-03-05 16:25:02 V/Net 246987206: Send: Heartbeat.Alive[0m
[0m2021-03-05 16:25:02 V/Net 246987206: Recv: Heartbeat.Alive.Response[0m
[0m2021-03-05 16:29:32 V/Net 246987206: Send: Heartbeat.Alive[0m
[0m2021-03-05 16:29:32 V/Net 246987206: Recv: Heartbeat.Alive.Response[0m
[0m2021-03-05 16:31:25 V/Net 246987206: Send: MessageSvc.PbSendMsg[0m
[0m2021-03-05 16:31:25 V/Net 246987206: Recv: MessageSvcPbSendMsg.Response.SUCCESS[0m
[0m2021-03-05 16:31:29 V/Net 246987206: Send: MessageSvc.PbSendMsg[0m
[0m2021-03-05 16:31:29 V/Net 246987206: Recv: MessageSvcPbSendMsg.Response.SUCCESS[0m
[0m2021-03-05 16:48:01 V/Net 246987206: Loading BdhSession from cache file[0m
[0m2021-03-05 16:48:01 V/Net 246987206: Loading server list from cache.[0m
[92m2021-03-05 16:48:01 I/Net 246987206: Connected to server msfwifi.3g.qq.com:8080[0m
[0m2021-03-05 16:48:01 V/Net 246987206: Send: wtlogin.login[0m
[0m2021-03-05 16:48:01 V/Net 246987206: Recv: LoginPacketResponse.Success[0m
[92m2021-03-05 16:48:01 I/Net 246987206: Login successful[0m
[0m2021-03-05 16:48:01 V/Net 246987206: Send: StatSvc.register[0m
[0m2021-03-05 16:48:02 V/Net 246987206: Recv: Response(StatSvc.register)[0m
[92m2021-03-05 16:48:02 I/Net 246987206: Scheduled key refresh in 5h 55min 0.0s.[0m
[0m2021-03-05 16:48:02 V/Net 246987206: Send: StatSvc.register[0m
[0m2021-03-05 16:48:02 V/Net 246987206: Recv: Response(StatSvc.register)[0m
[92m2021-03-05 16:48:02 I/Net 246987206: Awaiting ConfigPushSvc.PushReq.[0m
[92m2021-03-05 16:48:02 I/Net 246987206: Syncing friend message history...[0m
[92m2021-03-05 16:48:02 I/Net 246987206: Start loading friend list...[0m
[92m2021-03-05 16:48:02 I/Net 246987206: Start loading stranger list...[0m
[0m2021-03-05 16:48:02 V/Net 246987206: Send: MessageSvc.PbGetMsg[0m
[0m2021-03-05 16:48:02 V/Net 246987206: Send: StatSvc.GetDevLoginInfo[0m
[0m2021-03-05 16:48:02 V/Net 246987206: Send: friendlist.getFriendGroupList[0m
[0m2021-03-05 16:48:02 V/Net 246987206: Send: OidbSvc.0x496[0m
[0m2021-03-05 16:48:02 V/Net 246987206: Send: OidbSvc.0x5d2_0[0m
[92m2021-03-05 16:48:02 I/Net 246987206: Syncing friend message history: Success.[0m
[0m2021-03-05 16:48:02 V/Net 246987206: Recv: StrangerList.GetStrangerList.Response(result=0)[0m
[92m2021-03-05 16:48:02 I/Net 246987206: Successfully loaded stranger list: 0 in total[0m
[0m2021-03-05 16:48:02 V/Net 246987206: Recv: StatSvc.GetDevLoginInfo.Response(deviceList.size=1)[0m
[0m2021-03-05 16:48:02 V/Net 246987206: Recv: TroopManagement.GetTroopConfig.Response(true)[0m
[92m2021-03-05 16:48:02 I/Net 246987206: Start loading group list...[0m
[0m2021-03-05 16:48:02 V/Net 246987206: Send: friendlist.GetTroopListReqV2[0m
[0m2021-03-05 16:48:02 V/Net 246987206: Recv: FriendList.GetFriendGroupList.Response[0m
[0m2021-03-05 16:48:02 V/Net 246987206: Loading friend list: 3/3[0m
[92m2021-03-05 16:48:02 I/Net 246987206: Successfully loaded friend list: 3 in total[0m
[0m2021-03-05 16:48:02 V/Net 246987206: Recv: FriendList.GetFriendGroupList.Response[0m
[0m2021-03-05 16:48:02 V/Net 246987206: Send: friendlist.GetTroopMemberListReq[0m
[0m2021-03-05 16:48:02 V/Net 246987206: Send: friendlist.GetTroopMemberListReq[0m
[0m2021-03-05 16:48:02 V/Net 246987206: Recv: FriendList.GetTroopMemberList.Response[0m
[0m2021-03-05 16:48:02 V/Net 246987206: Recv: FriendList.GetTroopMemberList.Response[0m
[92m2021-03-05 16:48:02 I/Net 246987206: Successfully loaded group list: 2 in total.[0m
[0m2021-03-05 16:48:05 V/Net 246987206: Recv: ConfigPushSvc.PushReq.PushReqResponse.ServerListPush[0m
[92m2021-03-05 16:48:05 I/Net 246987206: Server list updated.[0m
[0m2021-03-05 16:48:05 V/Net 246987206: Saving bdh session to cache[0m
[0m2021-03-05 16:48:05 V/Net 246987206: Saving server list to cache[0m
[0m2021-03-05 16:48:05 V/Net 246987206: Send: ConfigPushSvc.PushResp[0m
[92m2021-03-05 16:48:05 I/Net 246987206: ConfigPushSvc.PushReq: Server updated.[0m
[96m2021-03-05 16:48:05 D/Net 246987206: Received unknown commandName: ConfigPushSvc.PushDomain[0m
[0m2021-03-05 16:48:05 V/Net 246987206: Recv: ConfigPushSvc.PushReq.PushReqResponse.ConfigPush[0m
[0m2021-03-05 16:48:05 V/Net 246987206: Saving bdh session to cache[0m
[0m2021-03-05 16:48:05 V/Net 246987206: Send: ConfigPushSvc.PushResp[0m
[0m2021-03-05 16:49:29 V/Net 246987206: Loading BdhSession from cache file[0m
[0m2021-03-05 16:49:29 V/Net 246987206: Loading server list from cache.[0m
[92m2021-03-05 16:49:29 I/Net 246987206: Connected to server 109.244.155.102:8080[0m
[0m2021-03-05 16:49:30 V/Net 246987206: Send: wtlogin.login[0m
[0m2021-03-05 16:49:30 V/Net 246987206: Recv: LoginPacketResponse.Success[0m
[92m2021-03-05 16:49:30 I/Net 246987206: Login successful[0m
[0m2021-03-05 16:49:30 V/Net 246987206: Send: StatSvc.register[0m
[0m2021-03-05 16:49:30 V/Net 246987206: Recv: Response(StatSvc.register)[0m
[92m2021-03-05 16:49:30 I/Net 246987206: Scheduled key refresh in 5h 55min 0.0s.[0m
[0m2021-03-05 16:49:30 V/Net 246987206: Send: StatSvc.register[0m
[0m2021-03-05 16:49:30 V/Net 246987206: Recv: Response(StatSvc.register)[0m
[92m2021-03-05 16:49:30 I/Net 246987206: Awaiting ConfigPushSvc.PushReq.[0m
[92m2021-03-05 16:49:30 I/Net 246987206: Syncing friend message history...[0m
[92m2021-03-05 16:49:30 I/Net 246987206: Start loading friend list...[0m
[92m2021-03-05 16:49:30 I/Net 246987206: Start loading stranger list...[0m
[0m2021-03-05 16:49:30 V/Net 246987206: Send: MessageSvc.PbGetMsg[0m
[0m2021-03-05 16:49:30 V/Net 246987206: Send: StatSvc.GetDevLoginInfo[0m
[0m2021-03-05 16:49:30 V/Net 246987206: Send: friendlist.getFriendGroupList[0m
[0m2021-03-05 16:49:30 V/Net 246987206: Send: OidbSvc.0x496[0m
[0m2021-03-05 16:49:30 V/Net 246987206: Send: OidbSvc.0x5d2_0[0m
[0m2021-03-05 16:49:30 V/Net 246987206: Recv: StrangerList.GetStrangerList.Response(result=0)[0m
[92m2021-03-05 16:49:30 I/Net 246987206: Successfully loaded stranger list: 0 in total[0m
[0m2021-03-05 16:49:30 V/Net 246987206: Recv: StatSvc.GetDevLoginInfo.Response(deviceList.size=1)[0m
[0m2021-03-05 16:49:30 V/Net 246987206: Recv: TroopManagement.GetTroopConfig.Response(true)[0m
[92m2021-03-05 16:49:30 I/Net 246987206: Start loading group list...[0m
[0m2021-03-05 16:49:30 V/Net 246987206: Send: friendlist.GetTroopListReqV2[0m
[92m2021-03-05 16:49:30 I/Net 246987206: Syncing friend message history: Success.[0m
[0m2021-03-05 16:49:30 V/Net 246987206: Recv: FriendList.GetFriendGroupList.Response[0m
[0m2021-03-05 16:49:30 V/Net 246987206: Loading friend list: 3/3[0m
[92m2021-03-05 16:49:30 I/Net 246987206: Successfully loaded friend list: 3 in total[0m
[0m2021-03-05 16:49:30 V/Net 246987206: Recv: FriendList.GetFriendGroupList.Response[0m
[0m2021-03-05 16:49:31 V/Net 246987206: Send: friendlist.GetTroopMemberListReq[0m
[0m2021-03-05 16:49:31 V/Net 246987206: Send: friendlist.GetTroopMemberListReq[0m
[0m2021-03-05 16:49:31 V/Net 246987206: Recv: FriendList.GetTroopMemberList.Response[0m
[0m2021-03-05 16:49:31 V/Net 246987206: Recv: FriendList.GetTroopMemberList.Response[0m
[92m2021-03-05 16:49:31 I/Net 246987206: Successfully loaded group list: 2 in total.[0m
[96m2021-03-05 16:49:33 D/Net 246987206: Received unknown commandName: ConfigPushSvc.PushDomain[0m
[0m2021-03-05 16:49:33 V/Net 246987206: Recv: ConfigPushSvc.PushReq.PushReqResponse.ConfigPush[0m
[0m2021-03-05 16:49:33 V/Net 246987206: Saving bdh session to cache[0m
[0m2021-03-05 16:49:33 V/Net 246987206: Send: ConfigPushSvc.PushResp[0m
[92m2021-03-05 16:49:33 I/Net 246987206: ConfigPushSvc.PushReq: Config updated.[0m
[0m2021-03-05 16:50:16 V/Net 246987206: Send: MessageSvc.PbSendMsg[0m
[0m2021-03-05 16:50:16 V/Net 246987206: Recv: MessageSvcPbSendMsg.Response.SUCCESS[0m
[0m2021-03-05 16:50:22 V/Net 246987206: Send: MessageSvc.PbSendMsg[0m
[0m2021-03-05 16:50:23 V/Net 246987206: Recv: MessageSvcPbSendMsg.Response.SUCCESS[0m
[0m2021-03-05 16:50:28 V/Net 246987206: Send: MessageSvc.PbSendMsg[0m
[0m2021-03-05 16:50:28 V/Net 246987206: Recv: MessageSvcPbSendMsg.Response.SUCCESS[0m
[0m2021-03-05 16:50:34 V/Net 246987206: Send: MessageSvc.PbSendMsg[0m
[0m2021-03-05 16:50:34 V/Net 246987206: Recv: MessageSvcPbSendMsg.Response.SUCCESS[0m
[0m2021-03-05 16:50:44 V/Net 246987206: Send: MessageSvc.PbSendMsg[0m
[0m2021-03-05 16:50:44 V/Net 246987206: Recv: MessageSvcPbSendMsg.Response.SUCCESS[0m
[0m2021-03-05 16:53:08 V/Net 246987206: Send: MessageSvc.PbSendMsg[0m
[0m2021-03-05 16:53:08 V/Net 246987206: Recv: MessageSvcPbSendMsg.Response.SUCCESS[0m
[0m2021-03-05 16:53:18 V/Net 246987206: Send: MessageSvc.PbSendMsg[0m
[0m2021-03-05 16:53:18 V/Net 246987206: Recv: MessageSvcPbSendMsg.Response.SUCCESS[0m
[0m2021-03-05 16:53:37 V/Net 246987206: Send: MessageSvc.PbSendMsg[0m
[0m2021-03-05 16:53:37 V/Net 246987206: Recv: MessageSvcPbSendMsg.Response.SUCCESS[0m
[0m2021-03-05 16:53:49 V/Net 246987206: Send: MessageSvc.PbSendMsg[0m
[0m2021-03-05 16:53:49 V/Net 246987206: Recv: MessageSvcPbSendMsg.Response.SUCCESS[0m
[0m2021-03-05 16:54:00 V/Net 246987206: Send: Heartbeat.Alive[0m
[0m2021-03-05 16:54:00 V/Net 246987206: Recv: Heartbeat.Alive.Response[0m
[0m2021-03-05 16:58:30 V/Net 246987206: Send: Heartbeat.Alive[0m
[0m2021-03-05 16:58:30 V/Net 246987206: Recv: Heartbeat.Alive.Response[0m
[0m2021-03-05 17:03:00 V/Net 246987206: Send: Heartbeat.Alive[0m
[0m2021-03-05 17:03:00 V/Net 246987206: Recv: Heartbeat.Alive.Response[0m
[0m2021-03-05 19:54:20 V/Net 246987206: Send: Heartbeat.Alive[0m
[0m2021-03-05 19:54:23 V/Net 246987206: Channel closed.[0m
[0m2021-03-05 19:54:23 V/Net 246987206: Loading BdhSession from cache file[0m
[91m2021-03-05 19:54:23 W/Net 246987206: No route to host (Mostly due to no Internet connection). Retrying in 3s...[0m
[91m2021-03-05 19:54:26 W/Net 246987206: No route to host (Mostly due to no Internet connection). Retrying in 3s...[0m
[91m2021-03-05 19:54:29 W/Net 246987206: No route to host (Mostly due to no Internet connection). Retrying in 3s...[0m
[91m2021-03-05 19:54:32 W/Net 246987206: No route to host (Mostly due to no Internet connection). Retrying in 3s...[0m
[91m2021-03-05 19:54:35 W/Net 246987206: No route to host (Mostly due to no Internet connection). Retrying in 3s...[0m
[91m2021-03-05 19:54:38 W/Net 246987206: No route to host (Mostly due to no Internet connection). Retrying in 3s...[0m
[91m2021-03-05 19:54:41 W/Net 246987206: No route to host (Mostly due to no Internet connection). Retrying in 3s...[0m
[91m2021-03-05 19:54:44 W/Net 246987206: No route to host (Mostly due to no Internet connection). Retrying in 3s...[0m
[91m2021-03-05 19:54:47 W/Net 246987206: No route to host (Mostly due to no Internet connection). Retrying in 3s...[0m
[91m2021-03-05 19:54:50 W/Net 246987206: No route to host (Mostly due to no Internet connection). Retrying in 3s...[0m
[91m2021-03-05 19:54:53 W/Net 246987206: No route to host (Mostly due to no Internet connection). Retrying in 3s...[0m
[91m2021-03-05 19:54:56 W/Net 246987206: No route to host (Mostly due to no Internet connection). Retrying in 3s...[0m
[91m2021-03-05 19:54:59 W/Net 246987206: No route to host (Mostly due to no Internet connection). Retrying in 3s...[0m
[91m2021-03-05 19:55:02 W/Net 246987206: No route to host (Mostly due to no Internet connection). Retrying in 3s...[0m
[91m2021-03-05 19:55:05 W/Net 246987206: No route to host (Mostly due to no Internet connection). Retrying in 3s...[0m
[91m2021-03-05 19:55:08 W/Net 246987206: No route to host (Mostly due to no Internet connection). Retrying in 3s...[0m
[91m2021-03-05 19:55:11 W/Net 246987206: No route to host (Mostly due to no Internet connection). Retrying in 3s...[0m
[91m2021-03-05 19:55:32 W/Net 246987206: No route to host (Mostly due to no Internet connection). Retrying in 3s...[0m
[92m2021-03-05 19:55:35 I/Net 246987206: Connected to server 157.148.33.233:80[0m
[0m2021-03-05 19:55:35 V/Net 246987206: Send: wtlogin.login[0m
[0m2021-03-05 19:55:35 V/Net 246987206: Recv: LoginPacketResponse.Success[0m
[92m2021-03-05 19:55:35 I/Net 246987206: Login successful[0m
[0m2021-03-05 19:55:35 V/Net 246987206: Send: StatSvc.register[0m
[0m2021-03-05 19:55:36 V/Net 246987206: Recv: Response(StatSvc.register)[0m
[92m2021-03-05 19:55:36 I/Net 246987206: Scheduled key refresh in 5h 55min 0.0s.[0m
[92m2021-03-05 19:55:36 I/Net 246987206: Syncing friend message history...[0m
[0m2021-03-05 19:55:36 V/Net 246987206: Send: MessageSvc.PbGetMsg[0m
[92m2021-03-05 19:55:36 I/Net 246987206: Syncing friend message history: Success.[0m
[96m2021-03-05 19:55:38 D/Net 246987206: Received unknown commandName: ConfigPushSvc.PushDomain[0m
[0m2021-03-05 19:55:39 V/Net 246987206: Recv: ConfigPushSvc.PushReq.PushReqResponse.ConfigPush[0m
[0m2021-03-05 19:55:39 V/Net 246987206: Recv: ConfigPushSvc.PushReq.PushReqResponse.ServerListPush[0m
[92m2021-03-05 19:55:39 I/Net 246987206: Server list updated.[0m
[0m2021-03-05 19:55:39 V/Net 246987206: Saving bdh session to cache[0m
[0m2021-03-05 19:55:39 V/Net 246987206: Send: ConfigPushSvc.PushResp[0m
[0m2021-03-05 19:55:39 V/Net 246987206: Saving bdh session to cache[0m
[0m2021-03-05 19:55:39 V/Net 246987206: Saving server list to cache[0m
[0m2021-03-05 19:55:39 V/Net 246987206: Send: ConfigPushSvc.PushResp[0m
[0m2021-03-05 20:00:06 V/Net 246987206: Loading BdhSession from cache file[0m
[0m2021-03-05 20:00:06 V/Net 246987206: Loading server list from cache.[0m
[92m2021-03-05 20:00:06 I/Net 246987206: Connected to server 153.3.50.86:8080[0m
[0m2021-03-05 20:00:06 V/Net 246987206: Send: wtlogin.login[0m
[0m2021-03-05 20:00:10 V/Net 246987206: Recv: LoginPacketResponse.Success[0m
[92m2021-03-05 20:00:10 I/Net 246987206: Login successful[0m
[0m2021-03-05 20:00:10 V/Net 246987206: Send: StatSvc.register[0m
[0m2021-03-05 20:00:10 V/Net 246987206: Recv: Response(StatSvc.register)[0m
[92m2021-03-05 20:00:10 I/Net 246987206: Scheduled key refresh in 5h 55min 0.0s.[0m
[0m2021-03-05 20:00:10 V/Net 246987206: Send: StatSvc.register[0m
[0m2021-03-05 20:00:10 V/Net 246987206: Recv: Response(StatSvc.register)[0m
[92m2021-03-05 20:00:10 I/Net 246987206: Awaiting ConfigPushSvc.PushReq.[0m
[92m2021-03-05 20:00:10 I/Net 246987206: Syncing friend message history...[0m
[92m2021-03-05 20:00:10 I/Net 246987206: Start loading friend list...[0m
[92m2021-03-05 20:00:10 I/Net 246987206: Start loading stranger list...[0m
[0m2021-03-05 20:00:10 V/Net 246987206: Send: MessageSvc.PbGetMsg[0m
[0m2021-03-05 20:00:10 V/Net 246987206: Send: StatSvc.GetDevLoginInfo[0m
[0m2021-03-05 20:00:10 V/Net 246987206: Send: friendlist.getFriendGroupList[0m
[0m2021-03-05 20:00:10 V/Net 246987206: Send: OidbSvc.0x496[0m
[0m2021-03-05 20:00:10 V/Net 246987206: Send: OidbSvc.0x5d2_0[0m
[0m2021-03-05 20:00:10 V/Net 246987206: Recv: StatSvc.GetDevLoginInfo.Response(deviceList.size=1)[0m
[0m2021-03-05 20:00:10 V/Net 246987206: Recv: StrangerList.GetStrangerList.Response(result=0)[0m
[92m2021-03-05 20:00:10 I/Net 246987206: Successfully loaded stranger list: 0 in total[0m
[92m2021-03-05 20:00:10 I/Net 246987206: Syncing friend message history: Success.[0m
[0m2021-03-05 20:00:10 V/Net 246987206: Recv: TroopManagement.GetTroopConfig.Response(true)[0m
[92m2021-03-05 20:00:10 I/Net 246987206: Start loading group list...[0m
[0m2021-03-05 20:00:10 V/Net 246987206: Send: friendlist.GetTroopListReqV2[0m
[0m2021-03-05 20:00:10 V/Net 246987206: Recv: FriendList.GetFriendGroupList.Response[0m
[0m2021-03-05 20:00:10 V/Net 246987206: Loading friend list: 3/3[0m
[92m2021-03-05 20:00:10 I/Net 246987206: Successfully loaded friend list: 3 in total[0m
[0m2021-03-05 20:00:10 V/Net 246987206: Recv: FriendList.GetFriendGroupList.Response[0m
[0m2021-03-05 20:00:10 V/Net 246987206: Send: friendlist.GetTroopMemberListReq[0m
[0m2021-03-05 20:00:10 V/Net 246987206: Send: friendlist.GetTroopMemberListReq[0m
[0m2021-03-05 20:00:10 V/Net 246987206: Recv: FriendList.GetTroopMemberList.Response[0m
[0m2021-03-05 20:00:10 V/Net 246987206: Recv: FriendList.GetTroopMemberList.Response[0m
[92m2021-03-05 20:00:10 I/Net 246987206: Successfully loaded group list: 2 in total.[0m
[0m2021-03-05 20:00:13 V/Net 246987206: Recv: ConfigPushSvc.PushReq.PushReqResponse.ServerListPush[0m
[92m2021-03-05 20:00:13 I/Net 246987206: Server list updated.[0m
[0m2021-03-05 20:00:13 V/Net 246987206: Saving bdh session to cache[0m
[0m2021-03-05 20:00:13 V/Net 246987206: Saving server list to cache[0m
[0m2021-03-05 20:00:13 V/Net 246987206: Send: ConfigPushSvc.PushResp[0m
[92m2021-03-05 20:00:13 I/Net 246987206: ConfigPushSvc.PushReq: Server updated.[0m
[96m2021-03-05 20:00:13 D/Net 246987206: Received unknown commandName: ConfigPushSvc.PushDomain[0m
[0m2021-03-05 20:00:13 V/Net 246987206: Recv: ConfigPushSvc.PushReq.PushReqResponse.ConfigPush[0m
[0m2021-03-05 20:00:13 V/Net 246987206: Saving bdh session to cache[0m
[0m2021-03-05 20:00:13 V/Net 246987206: Send: ConfigPushSvc.PushResp[0m
[0m2021-03-05 20:04:40 V/Net 246987206: Send: Heartbeat.Alive[0m
[0m2021-03-05 20:04:40 V/Net 246987206: Recv: Heartbeat.Alive.Response[0m
[0m2021-03-05 20:09:10 V/Net 246987206: Send: Heartbeat.Alive[0m
[0m2021-03-05 20:09:10 V/Net 246987206: Recv: Heartbeat.Alive.Response[0m
[0m2021-03-05 20:11:38 V/Net 246987206: Send: MessageSvc.PbSendMsg[0m
[0m2021-03-05 20:11:38 V/Net 246987206: Recv: MessageSvcPbSendMsg.Response.SUCCESS[0m
[0m2021-03-05 20:13:40 V/Net 246987206: Send: Heartbeat.Alive[0m
[0m2021-03-05 20:13:40 V/Net 246987206: Recv: Heartbeat.Alive.Response[0m
[0m2021-03-05 20:13:42 V/Net 246987206: Send: MessageSvc.PbSendMsg[0m
[0m2021-03-05 20:13:42 V/Net 246987206: Recv: MessageSvcPbSendMsg.Response.SUCCESS[0m
[0m2021-03-05 20:16:32 V/Net 246987206: Send: MessageSvc.PbSendMsg[0m
[0m2021-03-05 20:16:32 V/Net 246987206: Recv: MessageSvcPbSendMsg.Response.SUCCESS[0m
[0m2021-03-05 20:18:10 V/Net 246987206: Send: Heartbeat.Alive[0m
[0m2021-03-05 20:18:10 V/Net 246987206: Recv: Heartbeat.Alive.Response[0m
[0m2021-03-05 20:22:40 V/Net 246987206: Send: Heartbeat.Alive[0m
[0m2021-03-05 20:22:40 V/Net 246987206: Recv: Heartbeat.Alive.Response[0m
[0m2021-03-05 20:27:10 V/Net 246987206: Send: Heartbeat.Alive[0m
[0m2021-03-05 20:27:10 V/Net 246987206: Recv: Heartbeat.Alive.Response[0m
[0m2021-03-05 20:31:13 V/Net 246987206: Loading BdhSession from cache file[0m
[0m2021-03-05 20:31:13 V/Net 246987206: Loading server list from cache.[0m
[92m2021-03-05 20:31:13 I/Net 246987206: Connected to server msfwifi.3g.qq.com:8080[0m
[0m2021-03-05 20:31:14 V/Net 246987206: Send: wtlogin.login[0m
[0m2021-03-05 20:31:14 V/Net 246987206: Recv: LoginPacketResponse.Success[0m
[92m2021-03-05 20:31:14 I/Net 246987206: Login successful[0m
[0m2021-03-05 20:31:14 V/Net 246987206: Send: StatSvc.register[0m
[0m2021-03-05 20:31:14 V/Net 246987206: Recv: Response(StatSvc.register)[0m
[92m2021-03-05 20:31:14 I/Net 246987206: Scheduled key refresh in 5h 55min 0.0s.[0m
[0m2021-03-05 20:31:14 V/Net 246987206: Send: StatSvc.register[0m
[0m2021-03-05 20:31:14 V/Net 246987206: Recv: Response(StatSvc.register)[0m
[92m2021-03-05 20:31:14 I/Net 246987206: Awaiting ConfigPushSvc.PushReq.[0m
[92m2021-03-05 20:31:14 I/Net 246987206: Syncing friend message history...[0m
[92m2021-03-05 20:31:14 I/Net 246987206: Start loading friend list...[0m
[92m2021-03-05 20:31:14 I/Net 246987206: Start loading stranger list...[0m
[0m2021-03-05 20:31:14 V/Net 246987206: Send: MessageSvc.PbGetMsg[0m
[0m2021-03-05 20:31:14 V/Net 246987206: Send: StatSvc.GetDevLoginInfo[0m
[0m2021-03-05 20:31:14 V/Net 246987206: Send: friendlist.getFriendGroupList[0m
[0m2021-03-05 20:31:14 V/Net 246987206: Send: OidbSvc.0x496[0m
[0m2021-03-05 20:31:14 V/Net 246987206: Send: OidbSvc.0x5d2_0[0m
[92m2021-03-05 20:31:14 I/Net 246987206: Syncing friend message history: Success.[0m
[0m2021-03-05 20:31:14 V/Net 246987206: Recv: StrangerList.GetStrangerList.Response(result=0)[0m
[92m2021-03-05 20:31:14 I/Net 246987206: Successfully loaded stranger list: 0 in total[0m
[0m2021-03-05 20:31:14 V/Net 246987206: Recv: StatSvc.GetDevLoginInfo.Response(deviceList.size=1)[0m
[0m2021-03-05 20:31:14 V/Net 246987206: Recv: TroopManagement.GetTroopConfig.Response(true)[0m
[92m2021-03-05 20:31:14 I/Net 246987206: Start loading group list...[0m
[0m2021-03-05 20:31:14 V/Net 246987206: Recv: FriendList.GetFriendGroupList.Response[0m
[0m2021-03-05 20:31:14 V/Net 246987206: Loading friend list: 3/3[0m
[92m2021-03-05 20:31:14 I/Net 246987206: Successfully loaded friend list: 3 in total[0m
[0m2021-03-05 20:31:14 V/Net 246987206: Send: friendlist.GetTroopListReqV2[0m
[0m2021-03-05 20:31:15 V/Net 246987206: Recv: FriendList.GetFriendGroupList.Response[0m
[0m2021-03-05 20:31:15 V/Net 246987206: Send: friendlist.GetTroopMemberListReq[0m
[0m2021-03-05 20:31:15 V/Net 246987206: Send: friendlist.GetTroopMemberListReq[0m
[0m2021-03-05 20:31:15 V/Net 246987206: Recv: FriendList.GetTroopMemberList.Response[0m
[0m2021-03-05 20:31:15 V/Net 246987206: Recv: FriendList.GetTroopMemberList.Response[0m
[92m2021-03-05 20:31:15 I/Net 246987206: Successfully loaded group list: 2 in total.[0m
[0m2021-03-05 20:31:17 V/Net 246987206: Recv: ConfigPushSvc.PushReq.PushReqResponse.ServerListPush[0m
[92m2021-03-05 20:31:17 I/Net 246987206: Server list updated.[0m
[0m2021-03-05 20:31:17 V/Net 246987206: Saving bdh session to cache[0m
[0m2021-03-05 20:31:17 V/Net 246987206: Saving server list to cache[0m
[0m2021-03-05 20:31:17 V/Net 246987206: Send: ConfigPushSvc.PushResp[0m
[92m2021-03-05 20:31:17 I/Net 246987206: ConfigPushSvc.PushReq: Server updated.[0m
[96m2021-03-05 20:31:17 D/Net 246987206: Received unknown commandName: ConfigPushSvc.PushDomain[0m
[0m2021-03-05 20:31:17 V/Net 246987206: Recv: ConfigPushSvc.PushReq.PushReqResponse.ConfigPush[0m
[0m2021-03-05 20:31:17 V/Net 246987206: Saving bdh session to cache[0m
[0m2021-03-05 20:31:17 V/Net 246987206: Send: ConfigPushSvc.PushResp[0m
[0m2021-03-05 20:34:02 V/Net 246987206: Send: MessageSvc.PbSendMsg[0m
[0m2021-03-05 20:34:02 V/Net 246987206: Recv: MessageSvcPbSendMsg.Response.SUCCESS[0m
[0m2021-03-05 20:34:07 V/Net 246987206: Send: MessageSvc.PbSendMsg[0m
[0m2021-03-05 20:34:07 V/Net 246987206: Recv: MessageSvcPbSendMsg.Response.SUCCESS[0m
[0m2021-03-05 20:35:44 V/Net 246987206: Send: Heartbeat.Alive[0m
[0m2021-03-05 20:35:44 V/Net 246987206: Recv: Heartbeat.Alive.Response[0m
[0m2021-03-05 20:40:14 V/Net 246987206: Send: Heartbeat.Alive[0m
[0m2021-03-05 20:40:14 V/Net 246987206: Recv: Heartbeat.Alive.Response[0m
[0m2021-03-05 20:44:44 V/Net 246987206: Send: Heartbeat.Alive[0m
[0m2021-03-05 20:44:44 V/Net 246987206: Recv: Heartbeat.Alive.Response[0m
[0m2021-03-05 20:44:51 V/Net 246987206: Send: MessageSvc.PbSendMsg[0m
[0m2021-03-05 20:44:51 V/Net 246987206: Recv: MessageSvcPbSendMsg.Response.SUCCESS[0m
[0m2021-03-05 20:44:59 V/Net 246987206: Send: MessageSvc.PbSendMsg[0m
[0m2021-03-05 20:45:00 V/Net 246987206: Recv: MessageSvcPbSendMsg.Response.SUCCESS[0m
[0m2021-03-05 20:49:14 V/Net 246987206: Send: Heartbeat.Alive[0m
[0m2021-03-05 20:49:14 V/Net 246987206: Recv: Heartbeat.Alive.Response[0m
[0m2021-03-05 20:53:44 V/Net 246987206: Send: Heartbeat.Alive[0m
[0m2021-03-05 20:53:44 V/Net 246987206: Recv: Heartbeat.Alive.Response[0m
[0m2021-03-05 20:56:04 V/Net 246987206: Send: MessageSvc.PbSendMsg[0m
[0m2021-03-05 20:56:05 V/Net 246987206: Recv: MessageSvcPbSendMsg.Response.SUCCESS[0m
[0m2021-03-05 20:58:14 V/Net 246987206: Send: Heartbeat.Alive[0m
[0m2021-03-05 20:58:15 V/Net 246987206: Recv: Heartbeat.Alive.Response[0m
[0m2021-03-05 21:02:45 V/Net 246987206: Send: Heartbeat.Alive[0m
[0m2021-03-05 21:02:45 V/Net 246987206: Recv: Heartbeat.Alive.Response[0m
[0m2021-03-05 21:02:45 V/Net 246987206: Send: MessageSvc.PbSendMsg[0m
[0m2021-03-05 21:02:46 V/Net 246987206: Recv: MessageSvcPbSendMsg.Response.SUCCESS[0m
[0m2021-03-05 21:05:02 V/Net 246987206: Send: MessageSvc.PbSendMsg[0m
[0m2021-03-05 21:05:02 V/Net 246987206: Recv: MessageSvcPbSendMsg.Response.SUCCESS[0m
[0m2021-03-05 21:05:06 V/Net 246987206: Send: MessageSvc.PbSendMsg[0m
[0m2021-03-05 21:05:06 V/Net 246987206: Recv: MessageSvcPbSendMsg.Response.SUCCESS[0m
[0m2021-03-05 21:05:34 V/Net 246987206: Send: MessageSvc.PbSendMsg[0m
[0m2021-03-05 21:05:34 V/Net 246987206: Recv: MessageSvcPbSendMsg.Response.SUCCESS[0m
[0m2021-03-05 21:05:46 V/Net 246987206: Send: MessageSvc.PbSendMsg[0m
[0m2021-03-05 21:05:46 V/Net 246987206: Recv: MessageSvcPbSendMsg.Response.SUCCESS[0m
[0m2021-03-05 21:07:08 V/Net 246987206: Send: MessageSvc.PbSendMsg[0m
[0m2021-03-05 21:07:08 V/Net 246987206: Recv: MessageSvcPbSendMsg.Response.SUCCESS[0m
[0m2021-03-05 21:07:15 V/Net 246987206: Send: Heartbeat.Alive[0m
[0m2021-03-05 21:07:15 V/Net 246987206: Recv: Heartbeat.Alive.Response[0m
[0m2021-03-05 21:07:49 V/Net 246987206: Send: MessageSvc.PbSendMsg[0m
[0m2021-03-05 21:07:49 V/Net 246987206: Recv: MessageSvcPbSendMsg.Response.SUCCESS[0m
[0m2021-03-05 21:07:54 V/Net 246987206: Send: MessageSvc.PbSendMsg[0m
[0m2021-03-05 21:07:54 V/Net 246987206: Recv: MessageSvcPbSendMsg.Response.SUCCESS[0m
[0m2021-03-05 21:11:45 V/Net 246987206: Send: Heartbeat.Alive[0m
[0m2021-03-05 21:11:45 V/Net 246987206: Recv: Heartbeat.Alive.Response[0m
[0m2021-03-05 21:16:15 V/Net 246987206: Send: Heartbeat.Alive[0m
[0m2021-03-05 21:16:15 V/Net 246987206: Recv: Heartbeat.Alive.Response[0m
[0m2021-03-05 21:18:57 V/Net 246987206: Send: MessageSvc.PbSendMsg[0m
[0m2021-03-05 21:18:57 V/Net 246987206: Recv: MessageSvcPbSendMsg.Response.SUCCESS[0m
[0m2021-03-05 21:19:05 V/Net 246987206: Send: MessageSvc.PbSendMsg[0m
[0m2021-03-05 21:19:05 V/Net 246987206: Recv: MessageSvcPbSendMsg.Response.SUCCESS[0m
[0m2021-03-05 21:20:00 V/Net 246987206: Send: MessageSvc.PbSendMsg[0m
[0m2021-03-05 21:20:00 V/Net 246987206: Recv: MessageSvcPbSendMsg.Response.SUCCESS[0m
[0m2021-03-05 21:20:45 V/Net 246987206: Send: Heartbeat.Alive[0m
[0m2021-03-05 21:20:45 V/Net 246987206: Recv: Heartbeat.Alive.Response[0m
[0m2021-03-05 21:23:07 V/Net 246987206: Send: MessageSvc.PbSendMsg[0m
[0m2021-03-05 21:23:07 V/Net 246987206: Recv: MessageSvcPbSendMsg.Response.SUCCESS[0m
[0m2021-03-05 21:23:59 V/Net 246987206: Send: MessageSvc.PbSendMsg[0m
[0m2021-03-05 21:24:00 V/Net 246987206: Recv: MessageSvcPbSendMsg.Response.SUCCESS[0m
[0m2021-03-05 21:25:15 V/Net 246987206: Send: Heartbeat.Alive[0m
[0m2021-03-05 21:25:15 V/Net 246987206: Recv: Heartbeat.Alive.Response[0m
[0m2021-03-05 21:25:34 V/Net 246987206: Send: MessageSvc.PbSendMsg[0m
[0m2021-03-05 21:25:34 V/Net 246987206: Recv: MessageSvcPbSendMsg.Response.SUCCESS[0m
[0m2021-03-05 21:43:21 V/Net 246987206: Loading BdhSession from cache file[0m
[0m2021-03-05 21:43:21 V/Net 246987206: Loading server list from cache.[0m
[92m2021-03-05 21:43:21 I/Net 246987206: Connected to server 153.3.50.238:80[0m
[0m2021-03-05 21:43:21 V/Net 246987206: Send: wtlogin.login[0m
[0m2021-03-05 21:43:24 V/Net 246987206: Recv: LoginPacketResponse.Success[0m
[92m2021-03-05 21:43:24 I/Net 246987206: Login successful[0m
[0m2021-03-05 21:43:24 V/Net 246987206: Send: StatSvc.register[0m
[0m2021-03-05 21:43:25 V/Net 246987206: Recv: Response(StatSvc.register)[0m
[92m2021-03-05 21:43:25 I/Net 246987206: Scheduled key refresh in 5h 55min 0.0s.[0m
[0m2021-03-05 21:43:25 V/Net 246987206: Send: StatSvc.register[0m
[0m2021-03-05 21:43:25 V/Net 246987206: Recv: Response(StatSvc.register)[0m
[92m2021-03-05 21:43:25 I/Net 246987206: Awaiting ConfigPushSvc.PushReq.[0m
[92m2021-03-05 21:43:25 I/Net 246987206: Syncing friend message history...[0m
[92m2021-03-05 21:43:25 I/Net 246987206: Start loading friend list...[0m
[92m2021-03-05 21:43:25 I/Net 246987206: Start loading stranger list...[0m
[0m2021-03-05 21:43:25 V/Net 246987206: Send: MessageSvc.PbGetMsg[0m
[0m2021-03-05 21:43:25 V/Net 246987206: Send: StatSvc.GetDevLoginInfo[0m
[0m2021-03-05 21:43:25 V/Net 246987206: Send: friendlist.getFriendGroupList[0m
[0m2021-03-05 21:43:25 V/Net 246987206: Send: OidbSvc.0x496[0m
[0m2021-03-05 21:43:25 V/Net 246987206: Send: OidbSvc.0x5d2_0[0m
[0m2021-03-05 21:43:25 V/Net 246987206: Recv: StatSvc.GetDevLoginInfo.Response(deviceList.size=1)[0m
[0m2021-03-05 21:43:25 V/Net 246987206: Recv: StrangerList.GetStrangerList.Response(result=0)[0m
[92m2021-03-05 21:43:25 I/Net 246987206: Successfully loaded stranger list: 0 in total[0m
[92m2021-03-05 21:43:25 I/Net 246987206: Syncing friend message history: Success.[0m
[0m2021-03-05 21:43:25 V/Net 246987206: Recv: TroopManagement.GetTroopConfig.Response(true)[0m
[92m2021-03-05 21:43:25 I/Net 246987206: Start loading group list...[0m
[0m2021-03-05 21:43:25 V/Net 246987206: Send: friendlist.GetTroopListReqV2[0m
[0m2021-03-05 21:43:25 V/Net 246987206: Recv: FriendList.GetFriendGroupList.Response[0m
[0m2021-03-05 21:43:25 V/Net 246987206: Loading friend list: 3/3[0m
[92m2021-03-05 21:43:25 I/Net 246987206: Successfully loaded friend list: 3 in total[0m
[0m2021-03-05 21:43:25 V/Net 246987206: Recv: FriendList.GetFriendGroupList.Response[0m
[0m2021-03-05 21:43:25 V/Net 246987206: Send: friendlist.GetTroopMemberListReq[0m
[0m2021-03-05 21:43:25 V/Net 246987206: Send: friendlist.GetTroopMemberListReq[0m
[0m2021-03-05 21:43:25 V/Net 246987206: Recv: FriendList.GetTroopMemberList.Response[0m
[0m2021-03-05 21:43:25 V/Net 246987206: Recv: FriendList.GetTroopMemberList.Response[0m
[92m2021-03-05 21:43:25 I/Net 246987206: Successfully loaded group list: 2 in total.[0m
[0m2021-03-05 21:43:27 V/Net 246987206: Recv: ConfigPushSvc.PushReq.PushReqResponse.ServerListPush[0m
[92m2021-03-05 21:43:27 I/Net 246987206: Server list updated.[0m
[0m2021-03-05 21:43:27 V/Net 246987206: Saving bdh session to cache[0m
[0m2021-03-05 21:43:27 V/Net 246987206: Saving server list to cache[0m
[0m2021-03-05 21:43:27 V/Net 246987206: Send: ConfigPushSvc.PushResp[0m
[92m2021-03-05 21:43:27 I/Net 246987206: ConfigPushSvc.PushReq: Server updated.[0m
[96m2021-03-05 21:43:28 D/Net 246987206: Received unknown commandName: ConfigPushSvc.PushDomain[0m
[0m2021-03-05 21:43:28 V/Net 246987206: Recv: ConfigPushSvc.PushReq.PushReqResponse.ConfigPush[0m
[0m2021-03-05 21:43:28 V/Net 246987206: Saving bdh session to cache[0m
[0m2021-03-05 21:43:28 V/Net 246987206: Send: ConfigPushSvc.PushResp[0m
[0m2021-03-05 21:43:29 V/Net 246987206: Send: MessageSvc.PbSendMsg[0m
[0m2021-03-05 21:43:29 V/Net 246987206: Recv: MessageSvcPbSendMsg.Response.SUCCESS[0m
[0m2021-03-05 21:45:53 V/Net 246987206: Send: MessageSvc.PbSendMsg[0m
[0m2021-03-05 21:45:53 V/Net 246987206: Recv: MessageSvcPbSendMsg.Response.SUCCESS[0m
[0m2021-03-05 21:47:55 V/Net 246987206: Send: Heartbeat.Alive[0m
[0m2021-03-05 21:47:55 V/Net 246987206: Recv: Heartbeat.Alive.Response[0m
[0m2021-03-05 21:48:00 V/Net 246987206: Send: MessageSvc.PbSendMsg[0m
[0m2021-03-05 21:48:00 V/Net 246987206: Recv: MessageSvcPbSendMsg.Response.SUCCESS[0m
[0m2021-03-05 21:52:08 V/Net 246987206: Send: MessageSvc.PbSendMsg[0m
[0m2021-03-05 21:52:08 V/Net 246987206: Recv: MessageSvcPbSendMsg.Response.SUCCESS[0m
[0m2021-03-05 21:52:25 V/Net 246987206: Send: Heartbeat.Alive[0m
[0m2021-03-05 21:52:25 V/Net 246987206: Recv: Heartbeat.Alive.Response[0m
[0m2021-03-05 21:54:12 V/Net 246987206: Send: MessageSvc.PbSendMsg[0m
[0m2021-03-05 21:54:13 V/Net 246987206: Recv: MessageSvcPbSendMsg.Response.SUCCESS[0m
[0m2021-03-05 21:55:52 V/Net 246987206: Send: MessageSvc.PbSendMsg[0m
[0m2021-03-05 21:55:52 V/Net 246987206: Recv: MessageSvcPbSendMsg.Response.SUCCESS[0m
[0m2021-03-05 21:56:53 V/Net 246987206: Send: MessageSvc.PbSendMsg[0m
[0m2021-03-05 21:56:53 V/Net 246987206: Recv: MessageSvcPbSendMsg.Response.SUCCESS[0m
[0m2021-03-05 21:56:55 V/Net 246987206: Send: Heartbeat.Alive[0m
[0m2021-03-05 21:56:55 V/Net 246987206: Recv: Heartbeat.Alive.Response[0m
[0m2021-03-05 21:59:30 V/Net 246987206: Send: MessageSvc.PbSendMsg[0m
[0m2021-03-05 21:59:31 V/Net 246987206: Recv: MessageSvcPbSendMsg.Response.SUCCESS[0m
[0m2021-03-05 22:01:09 V/Net 246987206: Send: MessageSvc.PbSendMsg[0m
[0m2021-03-05 22:01:09 V/Net 246987206: Recv: MessageSvcPbSendMsg.Response.SUCCESS[0m
[0m2021-03-05 22:01:25 V/Net 246987206: Send: Heartbeat.Alive[0m
[0m2021-03-05 22:01:25 V/Net 246987206: Recv: Heartbeat.Alive.Response[0m
[0m2021-03-05 22:03:37 V/Net 246987206: Send: MessageSvc.PbSendMsg[0m
[0m2021-03-05 22:03:38 V/Net 246987206: Recv: MessageSvcPbSendMsg.Response.SUCCESS[0m
[0m2021-03-05 22:04:45 V/Net 246987206: Send: MessageSvc.PbSendMsg[0m
[0m2021-03-05 22:04:45 V/Net 246987206: Recv: MessageSvcPbSendMsg.Response.SUCCESS[0m
[0m2021-03-05 22:05:55 V/Net 246987206: Send: Heartbeat.Alive[0m
[0m2021-03-05 22:05:55 V/Net 246987206: Recv: Heartbeat.Alive.Response[0m
[0m2021-03-05 22:06:23 V/Net 246987206: Send: MessageSvc.PbSendMsg[0m
[0m2021-03-05 22:06:23 V/Net 246987206: Recv: MessageSvcPbSendMsg.Response.SUCCESS[0m
[0m2021-03-05 22:09:40 V/Net 246987206: Send: MessageSvc.PbSendMsg[0m
[0m2021-03-05 22:09:41 V/Net 246987206: Recv: MessageSvcPbSendMsg.Response.SUCCESS[0m
[0m2021-03-05 22:10:18 V/Net 246987206: Send: MessageSvc.PbSendMsg[0m
[0m2021-03-05 22:10:18 V/Net 246987206: Recv: MessageSvcPbSendMsg.Response.SUCCESS[0m
[0m2021-03-05 22:10:25 V/Net 246987206: Send: Heartbeat.Alive[0m
[0m2021-03-05 22:10:25 V/Net 246987206: Recv: Heartbeat.Alive.Response[0m
[0m2021-03-05 22:14:22 V/Net 246987206: Loading BdhSession from cache file[0m
[0m2021-03-05 22:14:22 V/Net 246987206: Loading server list from cache.[0m
[92m2021-03-05 22:14:22 I/Net 246987206: Connected to server 157.148.36.215:80[0m
[0m2021-03-05 22:14:22 V/Net 246987206: Send: wtlogin.login[0m
[0m2021-03-05 22:14:22 V/Net 246987206: Recv: LoginPacketResponse.Success[0m
[92m2021-03-05 22:14:22 I/Net 246987206: Login successful[0m
[0m2021-03-05 22:14:22 V/Net 246987206: Send: StatSvc.register[0m
[0m2021-03-05 22:14:22 V/Net 246987206: Recv: Response(StatSvc.register)[0m
[92m2021-03-05 22:14:22 I/Net 246987206: Scheduled key refresh in 5h 55min 0.0s.[0m
[0m2021-03-05 22:14:22 V/Net 246987206: Send: StatSvc.register[0m
[0m2021-03-05 22:14:22 V/Net 246987206: Recv: Response(StatSvc.register)[0m
[92m2021-03-05 22:14:22 I/Net 246987206: Awaiting ConfigPushSvc.PushReq.[0m
[92m2021-03-05 22:14:23 I/Net 246987206: Syncing friend message history...[0m
[92m2021-03-05 22:14:23 I/Net 246987206: Start loading friend list...[0m
[92m2021-03-05 22:14:23 I/Net 246987206: Start loading stranger list...[0m
[0m2021-03-05 22:14:23 V/Net 246987206: Send: MessageSvc.PbGetMsg[0m
[0m2021-03-05 22:14:23 V/Net 246987206: Send: StatSvc.GetDevLoginInfo[0m
[0m2021-03-05 22:14:23 V/Net 246987206: Send: friendlist.getFriendGroupList[0m
[0m2021-03-05 22:14:23 V/Net 246987206: Send: OidbSvc.0x496[0m
[0m2021-03-05 22:14:23 V/Net 246987206: Send: OidbSvc.0x5d2_0[0m
[92m2021-03-05 22:14:23 I/Net 246987206: Syncing friend message history: Success.[0m
[0m2021-03-05 22:14:23 V/Net 246987206: Recv: TroopManagement.GetTroopConfig.Response(true)[0m
[92m2021-03-05 22:14:23 I/Net 246987206: Start loading group list...[0m
[0m2021-03-05 22:14:23 V/Net 246987206: Send: friendlist.GetTroopListReqV2[0m
[0m2021-03-05 22:14:23 V/Net 246987206: Recv: StrangerList.GetStrangerList.Response(result=0)[0m
[92m2021-03-05 22:14:23 I/Net 246987206: Successfully loaded stranger list: 0 in total[0m
[0m2021-03-05 22:14:23 V/Net 246987206: Recv: StatSvc.GetDevLoginInfo.Response(deviceList.size=1)[0m
[0m2021-03-05 22:14:23 V/Net 246987206: Recv: FriendList.GetFriendGroupList.Response[0m
[0m2021-03-05 22:14:23 V/Net 246987206: Loading friend list: 3/3[0m
[92m2021-03-05 22:14:23 I/Net 246987206: Successfully loaded friend list: 3 in total[0m
[0m2021-03-05 22:14:23 V/Net 246987206: Recv: FriendList.GetFriendGroupList.Response[0m
[0m2021-03-05 22:14:23 V/Net 246987206: Send: friendlist.GetTroopMemberListReq[0m
[0m2021-03-05 22:14:23 V/Net 246987206: Send: friendlist.GetTroopMemberListReq[0m
[0m2021-03-05 22:14:23 V/Net 246987206: Recv: FriendList.GetTroopMemberList.Response[0m
[0m2021-03-05 22:14:23 V/Net 246987206: Recv: FriendList.GetTroopMemberList.Response[0m
[92m2021-03-05 22:14:23 I/Net 246987206: Successfully loaded group list: 2 in total.[0m
[0m2021-03-05 22:14:25 V/Net 246987206: Recv: ConfigPushSvc.PushReq.PushReqResponse.ServerListPush[0m
[92m2021-03-05 22:14:25 I/Net 246987206: Server list updated.[0m
[0m2021-03-05 22:14:25 V/Net 246987206: Saving bdh session to cache[0m
[0m2021-03-05 22:14:25 V/Net 246987206: Saving server list to cache[0m
[0m2021-03-05 22:14:25 V/Net 246987206: Send: ConfigPushSvc.PushResp[0m
[92m2021-03-05 22:14:25 I/Net 246987206: ConfigPushSvc.PushReq: Server updated.[0m
[96m2021-03-05 22:14:25 D/Net 246987206: Received unknown commandName: ConfigPushSvc.PushDomain[0m
[0m2021-03-05 22:14:25 V/Net 246987206: Recv: ConfigPushSvc.PushReq.PushReqResponse.ConfigPush[0m
[0m2021-03-05 22:14:25 V/Net 246987206: Saving bdh session to cache[0m
[0m2021-03-05 22:14:25 V/Net 246987206: Send: ConfigPushSvc.PushResp[0m
[0m2021-03-05 22:14:30 V/Net 246987206: Send: MessageSvc.PbSendMsg[0m
[0m2021-03-05 22:14:30 V/Net 246987206: Recv: MessageSvcPbSendMsg.Response.SUCCESS[0m
[0m2021-03-05 22:15:05 V/Net 246987206: Send: MessageSvc.PbSendMsg[0m
[0m2021-03-05 22:15:05 V/Net 246987206: Recv: MessageSvcPbSendMsg.Response.SUCCESS[0m
[0m2021-03-05 22:15:48 V/Net 246987206: Send: MessageSvc.PbSendMsg[0m
[0m2021-03-05 22:15:48 V/Net 246987206: Recv: MessageSvcPbSendMsg.Response.SUCCESS[0m
[0m2021-03-05 22:16:33 V/Net 246987206: Send: MessageSvc.PbSendMsg[0m
[0m2021-03-05 22:16:33 V/Net 246987206: Recv: MessageSvcPbSendMsg.Response.SUCCESS[0m
[0m2021-03-05 22:16:58 V/Net 246987206: Send: MessageSvc.PbSendMsg[0m
[0m2021-03-05 22:16:58 V/Net 246987206: Recv: MessageSvcPbSendMsg.Response.SUCCESS[0m
[0m2021-03-05 22:18:52 V/Net 246987206: Send: Heartbeat.Alive[0m
[0m2021-03-05 22:18:53 V/Net 246987206: Recv: Heartbeat.Alive.Response[0m
[0m2021-03-05 22:23:23 V/Net 246987206: Send: Heartbeat.Alive[0m
[0m2021-03-05 22:23:23 V/Net 246987206: Recv: Heartbeat.Alive.Response[0m
[0m2021-03-05 22:24:32 V/Net 246987206: Send: MessageSvc.PbSendMsg[0m
[0m2021-03-05 22:24:32 V/Net 246987206: Recv: MessageSvcPbSendMsg.Response.SUCCESS[0m
[0m2021-03-05 22:25:57 V/Net 246987206: Send: MessageSvc.PbSendMsg[0m
[0m2021-03-05 22:25:57 V/Net 246987206: Recv: MessageSvcPbSendMsg.Response.SUCCESS[0m
[0m2021-03-05 22:27:53 V/Net 246987206: Send: Heartbeat.Alive[0m
[0m2021-03-05 22:27:53 V/Net 246987206: Recv: Heartbeat.Alive.Response[0m
[0m2021-03-05 22:32:23 V/Net 246987206: Send: Heartbeat.Alive[0m
[0m2021-03-05 22:32:23 V/Net 246987206: Recv: Heartbeat.Alive.Response[0m
[0m2021-03-05 22:34:33 V/Net 246987206: Send: MessageSvc.PbSendMsg[0m
[0m2021-03-05 22:34:33 V/Net 246987206: Recv: MessageSvcPbSendMsg.Response.SUCCESS[0m
[0m2021-03-05 22:35:55 V/Net 246987206: Send: MessageSvc.PbSendMsg[0m
[0m2021-03-05 22:35:55 V/Net 246987206: Recv: MessageSvcPbSendMsg.Response.SUCCESS[0m
[0m2021-03-05 22:36:30 V/Net 246987206: Loading BdhSession from cache file[0m
[0m2021-03-05 22:36:30 V/Net 246987206: Loading server list from cache.[0m
[92m2021-03-05 22:36:30 I/Net 246987206: Connected to server 157.148.32.246:80[0m
[0m2021-03-05 22:36:30 V/Net 246987206: Send: wtlogin.login[0m
[0m2021-03-05 22:36:33 V/Net 246987206: Recv: LoginPacketResponse.Success[0m
[92m2021-03-05 22:36:33 I/Net 246987206: Login successful[0m
[0m2021-03-05 22:36:33 V/Net 246987206: Send: StatSvc.register[0m
[0m2021-03-05 22:36:34 V/Net 246987206: Recv: Response(StatSvc.register)[0m
[92m2021-03-05 22:36:34 I/Net 246987206: Scheduled key refresh in 5h 55min 0.0s.[0m
[0m2021-03-05 22:36:34 V/Net 246987206: Send: StatSvc.register[0m
[0m2021-03-05 22:36:34 V/Net 246987206: Recv: Response(StatSvc.register)[0m
[92m2021-03-05 22:36:34 I/Net 246987206: Awaiting ConfigPushSvc.PushReq.[0m
[92m2021-03-05 22:36:34 I/Net 246987206: Syncing friend message history...[0m
[92m2021-03-05 22:36:34 I/Net 246987206: Start loading friend list...[0m
[92m2021-03-05 22:36:34 I/Net 246987206: Start loading stranger list...[0m
[0m2021-03-05 22:36:34 V/Net 246987206: Send: MessageSvc.PbGetMsg[0m
[0m2021-03-05 22:36:34 V/Net 246987206: Send: StatSvc.GetDevLoginInfo[0m
[0m2021-03-05 22:36:34 V/Net 246987206: Send: friendlist.getFriendGroupList[0m
[0m2021-03-05 22:36:34 V/Net 246987206: Send: OidbSvc.0x496[0m
[0m2021-03-05 22:36:34 V/Net 246987206: Send: OidbSvc.0x5d2_0[0m
[92m2021-03-05 22:36:34 I/Net 246987206: Syncing friend message history: Success.[0m
[0m2021-03-05 22:36:34 V/Net 246987206: Recv: StrangerList.GetStrangerList.Response(result=0)[0m
[92m2021-03-05 22:36:34 I/Net 246987206: Successfully loaded stranger list: 0 in total[0m
[0m2021-03-05 22:36:34 V/Net 246987206: Recv: StatSvc.GetDevLoginInfo.Response(deviceList.size=1)[0m
[0m2021-03-05 22:36:34 V/Net 246987206: Recv: TroopManagement.GetTroopConfig.Response(true)[0m
[92m2021-03-05 22:36:34 I/Net 246987206: Start loading group list...[0m
[0m2021-03-05 22:36:34 V/Net 246987206: Send: friendlist.GetTroopListReqV2[0m
[0m2021-03-05 22:36:34 V/Net 246987206: Recv: FriendList.GetFriendGroupList.Response[0m
[0m2021-03-05 22:36:34 V/Net 246987206: Loading friend list: 3/3[0m
[92m2021-03-05 22:36:34 I/Net 246987206: Successfully loaded friend list: 3 in total[0m
[0m2021-03-05 22:36:34 V/Net 246987206: Recv: FriendList.GetFriendGroupList.Response[0m
[0m2021-03-05 22:36:34 V/Net 246987206: Send: friendlist.GetTroopMemberListReq[0m
[0m2021-03-05 22:36:34 V/Net 246987206: Send: friendlist.GetTroopMemberListReq[0m
[0m2021-03-05 22:36:35 V/Net 246987206: Recv: FriendList.GetTroopMemberList.Response[0m
[0m2021-03-05 22:36:35 V/Net 246987206: Recv: FriendList.GetTroopMemberList.Response[0m
[92m2021-03-05 22:36:35 I/Net 246987206: Successfully loaded group list: 2 in total.[0m
[0m2021-03-05 22:36:37 V/Net 246987206: Recv: ConfigPushSvc.PushReq.PushReqResponse.ServerListPush[0m
[92m2021-03-05 22:36:37 I/Net 246987206: Server list updated.[0m
[0m2021-03-05 22:36:37 V/Net 246987206: Saving bdh session to cache[0m
[0m2021-03-05 22:36:37 V/Net 246987206: Saving server list to cache[0m
[0m2021-03-05 22:36:37 V/Net 246987206: Send: ConfigPushSvc.PushResp[0m
[92m2021-03-05 22:36:37 I/Net 246987206: ConfigPushSvc.PushReq: Server updated.[0m
[96m2021-03-05 22:36:37 D/Net 246987206: Received unknown commandName: ConfigPushSvc.PushDomain[0m
[0m2021-03-05 22:36:37 V/Net 246987206: Recv: ConfigPushSvc.PushReq.PushReqResponse.ConfigPush[0m
[0m2021-03-05 22:36:37 V/Net 246987206: Saving bdh session to cache[0m
[0m2021-03-05 22:36:37 V/Net 246987206: Send: ConfigPushSvc.PushResp[0m
[0m2021-03-05 22:36:44 V/Net 246987206: Send: MessageSvc.PbSendMsg[0m
[0m2021-03-05 22:36:44 V/Net 246987206: Recv: MessageSvcPbSendMsg.Response.SUCCESS[0m
[0m2021-03-05 22:38:48 V/Net 246987206: Send: MessageSvc.PbSendMsg[0m
[0m2021-03-05 22:38:49 V/Net 246987206: Recv: MessageSvcPbSendMsg.Response.SUCCESS[0m
[0m2021-03-05 22:41:04 V/Net 246987206: Send: Heartbeat.Alive[0m
[0m2021-03-05 22:41:04 V/Net 246987206: Recv: Heartbeat.Alive.Response[0m
[0m2021-03-05 22:42:43 V/Net 246987206: Send: MessageSvc.PbSendMsg[0m
[0m2021-03-05 22:42:43 V/Net 246987206: Recv: MessageSvcPbSendMsg.Response.SUCCESS[0m
[0m2021-03-05 22:42:46 V/Net 246987206: Send: MessageSvc.PbSendMsg[0m
[0m2021-03-05 22:42:46 V/Net 246987206: Recv: MessageSvcPbSendMsg.Response.SUCCESS[0m
[0m2021-03-05 22:42:58 V/Net 246987206: Send: MessageSvc.PbSendMsg[0m
[0m2021-03-05 22:42:58 V/Net 246987206: Recv: MessageSvcPbSendMsg.Response.SUCCESS[0m
[0m2021-03-05 22:44:05 V/Net 246987206: Send: MessageSvc.PbSendMsg[0m
[0m2021-03-05 22:44:05 V/Net 246987206: Recv: MessageSvcPbSendMsg.Response.SUCCESS[0m
[0m2021-03-05 22:44:09 V/Net 246987206: Send: MessageSvc.PbSendMsg[0m
[0m2021-03-05 22:44:09 V/Net 246987206: Recv: MessageSvcPbSendMsg.Response.SUCCESS[0m
[0m2021-03-05 22:44:59 V/Net 246987206: Send: MessageSvc.PbSendMsg[0m
[0m2021-03-05 22:44:59 V/Net 246987206: Recv: MessageSvcPbSendMsg.Response.SUCCESS[0m
[0m2021-03-05 22:45:04 V/Net 246987206: Send: MessageSvc.PbSendMsg[0m
[0m2021-03-05 22:45:04 V/Net 246987206: Recv: MessageSvcPbSendMsg.Response.SUCCESS[0m
[0m2021-03-05 22:45:22 V/Net 246987206: Send: MessageSvc.PbSendMsg[0m
[0m2021-03-05 22:45:22 V/Net 246987206: Recv: MessageSvcPbSendMsg.Response.SUCCESS[0m
[0m2021-03-05 22:45:34 V/Net 246987206: Send: Heartbeat.Alive[0m
[0m2021-03-05 22:45:34 V/Net 246987206: Recv: Heartbeat.Alive.Response[0m
[0m2021-03-05 22:45:45 V/Net 246987206: Send: MessageSvc.PbSendMsg[0m
[0m2021-03-05 22:45:46 V/Net 246987206: Recv: MessageSvcPbSendMsg.Response.SUCCESS[0m
[0m2021-03-05 22:45:50 V/Net 246987206: Send: MessageSvc.PbSendMsg[0m
[0m2021-03-05 22:45:50 V/Net 246987206: Recv: MessageSvcPbSendMsg.Response.SUCCESS[0m
[0m2021-03-05 22:46:08 V/Net 246987206: Send: MessageSvc.PbSendMsg[0m
[0m2021-03-05 22:46:08 V/Net 246987206: Recv: MessageSvcPbSendMsg.Response.SUCCESS[0m
