[0m2021-04-06 01:14:20 V/Net 246987206: Loading BdhSession from cache file[0m
[0m2021-04-06 01:14:20 V/Net 246987206: Loading server list from cache.[0m
[92m2021-04-06 01:14:20 I/Net 246987206: Connected to server 114.221.148.67:8080[0m
[0m2021-04-06 01:14:20 V/Net 246987206: Send: wtlogin.login[0m
[0m2021-04-06 01:14:21 V/Net 246987206: Recv: LoginPacketResponse.Success[0m
[92m2021-04-06 01:14:21 I/Net 246987206: Login successful[0m
[0m2021-04-06 01:14:21 V/Net 246987206: Send: StatSvc.register[0m
[0m2021-04-06 01:14:21 V/Net 246987206: Recv: Response(StatSvc.register)[0m
[0m2021-04-06 01:14:21 V/Net 246987206: Send: StatSvc.register[0m
[0m2021-04-06 01:14:21 V/Net 246987206: Recv: Response(StatSvc.register)[0m
[92m2021-04-06 01:14:21 I/Net 246987206: Awaiting ConfigPushSvc.PushReq.[0m
[92m2021-04-06 01:14:21 I/Net 246987206: Syncing friend message history...[0m
[92m2021-04-06 01:14:21 I/Net 246987206: Start loading friend list...[0m
[92m2021-04-06 01:14:21 I/Net 246987206: Start loading stranger list...[0m
[0m2021-04-06 01:14:21 V/Net 246987206: Send: MessageSvc.PbGetMsg[0m
[0m2021-04-06 01:14:21 V/Net 246987206: Send: StatSvc.GetDevLoginInfo[0m
[92m2021-04-06 01:14:21 I/Net 246987206: Syncing friend message history: Success.[0m
[0m2021-04-06 01:14:21 V/Net 246987206: Recv: StatSvc.GetDevLoginInfo.Response(deviceList.size=1)[0m
[0m2021-04-06 01:14:21 V/Net 246987206: Send: friendlist.getFriendGroupList[0m
[0m2021-04-06 01:14:21 V/Net 246987206: Recv: FriendList.GetFriendGroupList.Response[0m
[0m2021-04-06 01:14:21 V/Net 246987206: Loading friend list: 3/3[0m
[92m2021-04-06 01:14:21 I/Net 246987206: Successfully loaded friend list: 3 in total[0m
[0m2021-04-06 01:14:21 V/Net 246987206: Send: OidbSvc.0x496[0m
[0m2021-04-06 01:14:21 V/Net 246987206: Recv: TroopManagement.GetTroopConfig.Response(true)[0m
[92m2021-04-06 01:14:21 I/Net 246987206: Start loading group list...[0m
[0m2021-04-06 01:14:21 V/Net 246987206: Send: OidbSvc.0x5d2_0[0m
[0m2021-04-06 01:14:21 V/Net 246987206: Recv: StrangerList.GetStrangerList.Response(result=0)[0m
[92m2021-04-06 01:14:21 I/Net 246987206: Successfully loaded stranger list: 0 in total[0m
[0m2021-04-06 01:14:21 V/Net 246987206: Send: friendlist.GetTroopListReqV2[0m
[0m2021-04-06 01:14:22 V/Net 246987206: Recv: FriendList.GetFriendGroupList.Response[0m
[0m2021-04-06 01:14:22 V/Net 246987206: Send: friendlist.GetTroopMemberListReq[0m
[0m2021-04-06 01:14:22 V/Net 246987206: Recv: FriendList.GetTroopMemberList.Response[0m
[0m2021-04-06 01:14:22 V/Net 246987206: Send: friendlist.GetTroopMemberListReq[0m
[0m2021-04-06 01:14:22 V/Net 246987206: Recv: FriendList.GetTroopMemberList.Response[0m
[92m2021-04-06 01:14:22 I/Net 246987206: Successfully loaded group list: 2 in total.[0m
[92m2021-04-06 01:14:22 I/Net 246987206: Scheduled key refresh in 23h 55min 0.0s.[0m
[92m2021-04-06 01:14:22 I/Net 246987206: Scheduled refresh login session in 19d 23h 55min 0.0s.[0m
[0m2021-04-06 01:14:24 V/Net 246987206: Recv: ConfigPushSvc.PushReq.PushReqResponse.ServerListPush[0m
[92m2021-04-06 01:14:24 I/Net 246987206: Server list updated.[0m
[92m2021-04-06 01:14:24 I/Net 246987206: Server list: 114.221.148.59:8080, 114.221.148.67:443, 113.96.13.79:80, 42.81.172.147:14000, 114.221.148.210:443, 113.96.13.125:8080, 42.81.170.40:80, msfwifi.3g.qq.com:8080, 42.81.192.232:80.[0m
[0m2021-04-06 01:14:24 V/Net 246987206: Saving bdh session to cache[0m
[0m2021-04-06 01:14:24 V/Net 246987206: Saving server list to cache[0m
[0m2021-04-06 01:14:24 V/Net 246987206: Send: ConfigPushSvc.PushResp[0m
[92m2021-04-06 01:14:24 I/Net 246987206: ConfigPushSvc.PushReq: Server updated.[0m
[96m2021-04-06 01:14:24 D/Net 246987206: Received unknown commandName: ConfigPushSvc.PushDomain[0m
[0m2021-04-06 01:14:24 V/Net 246987206: Recv: ConfigPushSvc.PushReq.PushReqResponse.ConfigPush[0m
[0m2021-04-06 01:14:24 V/Net 246987206: Saving bdh session to cache[0m
[0m2021-04-06 01:14:24 V/Net 246987206: Send: ConfigPushSvc.PushResp[0m
[0m2021-04-06 01:14:56 V/Net 246987206: Send: ImgStore.GroupPicUp[0m
[0m2021-04-06 01:14:56 V/Net 246987206: Recv: FileExists(fileId=3103116907, fileInfo=ImgInfo(fileMd5=[64, -94, 48, -108, -17, 86, 53, -26, 124, -33, 103, 81, 68, -66, -71, -74], fileType=2001, fileSize=5501483, fileWidth=0, fileHeight=0))[0m
[0m2021-04-06 01:14:56 V/Net 246987206: Send: ImgStore.GroupPicUp[0m
[0m2021-04-06 01:14:56 V/Net 246987206: Recv: RequireUpload(fileId=2855039766, uKey=[-76, -90, -62, -127, -111, -30, -55, 109, -105, -16, -40, -74, 52, -92, 38, -83, -83, 3, -92, 7, -38, -9, -25, 113, 103, 22, -102, -75, -69, 123, -5, 71, -55, 60, 26, 76, 97, -29, 40, 102, 76, 40, -10, -34, 103, 119, -105, -117, -92, -80, 88, 89, -17, 87, -101, 15, -118, -7, 26, 19, 99, 87, 90, 121, 9, -16, -44, -20, 103, -9, -27, -111, -4, -68, -120, -6, 33, -52, -81, -68, 87, -56, 85, -30, 90, -62, 62, -29, -55, -115, 18, -116, 35, -90, -75, -12, 126, -19, -10, -50, 11, -69, -65, -85, 6, 95, -66, 23, -50, 53, -118, 68, 59, 115, 123, -16, -111, 113, -127, 62, -51, 65, 20, 17, -61, -34, -101, 13])[0m
[0m2021-04-06 01:14:56 V/Net 246987206: Send: MessageSvc.PbSendMsg[0m
[0m2021-04-06 01:14:57 V/Net 246987206: Recv: MessageSvcPbSendMsg.Response.SUCCESS[0m
[0m2021-04-06 01:15:14 V/Net 246987206: Send: MessageSvc.PbSendMsg[0m
[0m2021-04-06 01:15:14 V/Net 246987206: Recv: MessageSvcPbSendMsg.Response.SUCCESS[0m
[0m2021-04-06 01:15:21 V/Net 246987206: Send: Heartbeat.Alive[0m
[0m2021-04-06 01:15:21 V/Net 246987206: Recv: Heartbeat.Alive.Response[0m
[0m2021-04-06 01:15:52 V/Net 246987206: Send: MessageSvc.PbSendMsg[0m
[0m2021-04-06 01:15:52 V/Net 246987206: Recv: MessageSvcPbSendMsg.Response.SUCCESS[0m
[0m2021-04-06 01:15:57 V/Net 246987206: Send: MessageSvc.PbSendMsg[0m
[0m2021-04-06 01:15:57 V/Net 246987206: Recv: MessageSvcPbSendMsg.Response.SUCCESS[0m
[0m2021-04-06 01:16:21 V/Net 246987206: Send: Heartbeat.Alive[0m
[0m2021-04-06 01:16:21 V/Net 246987206: Recv: Heartbeat.Alive.Response[0m
[0m2021-04-06 01:16:44 V/Net 246987206: Send: MessageSvc.PbSendMsg[0m
[0m2021-04-06 01:16:44 V/Net 246987206: Recv: MessageSvcPbSendMsg.Response.SUCCESS[0m
[0m2021-04-06 01:17:21 V/Net 246987206: Send: Heartbeat.Alive[0m
[0m2021-04-06 01:17:21 V/Net 246987206: Recv: Heartbeat.Alive.Response[0m
[0m2021-04-06 01:17:52 V/Net 246987206: Send: MessageSvc.PbSendMsg[0m
[0m2021-04-06 01:17:52 V/Net 246987206: Recv: MessageSvcPbSendMsg.Response.SUCCESS[0m
[0m2021-04-06 01:18:20 V/Net 246987206: Send: MessageSvc.PbSendMsg[0m
[0m2021-04-06 01:18:20 V/Net 246987206: Recv: MessageSvcPbSendMsg.Response.SUCCESS[0m
[0m2021-04-06 01:18:21 V/Net 246987206: Send: Heartbeat.Alive[0m
[0m2021-04-06 01:18:21 V/Net 246987206: Recv: Heartbeat.Alive.Response[0m
[0m2021-04-06 01:18:51 V/Net 246987206: Send: StatSvc.SimpleGet[0m
[0m2021-04-06 01:18:51 V/Net 246987206: Recv: Response(SimpleGet.Response)[0m
[0m2021-04-06 01:19:15 V/Net 246987206: Send: MessageSvc.PbSendMsg[0m
[0m2021-04-06 01:19:15 V/Net 246987206: Recv: MessageSvcPbSendMsg.Response.SUCCESS[0m
[0m2021-04-06 01:19:21 V/Net 246987206: Send: Heartbeat.Alive[0m
[0m2021-04-06 01:19:21 V/Net 246987206: Recv: Heartbeat.Alive.Response[0m
[0m2021-04-06 01:19:58 V/Net 246987206: Send: MessageSvc.PbSendMsg[0m
[0m2021-04-06 01:19:58 V/Net 246987206: Recv: MessageSvcPbSendMsg.Response.SUCCESS[0m
[0m2021-04-06 01:20:04 V/Net 246987206: Send: MessageSvc.PbSendMsg[0m
[0m2021-04-06 01:20:05 V/Net 246987206: Recv: MessageSvcPbSendMsg.Response.SUCCESS[0m
[0m2021-04-06 01:20:20 V/Net 246987206: Send: ImgStore.GroupPicUp[0m
[0m2021-04-06 01:20:20 V/Net 246987206: Recv: FileExists(fileId=3196389290, fileInfo=ImgInfo(fileMd5=[-104, 6, -44, 54, 41, 47, 115, -22, 123, 1, 27, -73, 63, -104, -47, -94], fileType=2001, fileSize=695270, fileWidth=0, fileHeight=0))[0m
[0m2021-04-06 01:20:20 V/Net 246987206: Send: ImgStore.GroupPicUp[0m
[0m2021-04-06 01:20:20 V/Net 246987206: Recv: RequireUpload(fileId=2491989961, uKey=[37, 93, 63, 45, -49, 108, 96, -105, 103, 19, -112, 52, -123, -3, -58, 76, 90, 1, -114, -66, 104, 16, -55, 31, -26, -55, 78, 18, 110, -90, 51, -23, -61, -8, -29, -101, -117, -13, -34, 99, 60, -103, -116, -20, -80, -2, 110, 83, 38, -41, -47, 103, 86, -21, -53, 14, 108, -125, 87, -24, -73, 124, -27, -88, 84, -49, 22, -93, 48, 109, -88, -90, 32, -34, -124, -103, 109, -97, -46, -119, -51, 99, -90, 59, -6, -100, 20, 3, -55, 42, 28, -14, 78, 51, 57, -39, -119, 34, -88, 74, -25, -76, -127, 94, 95, -66, -114, -33, -119, -4, -7, 7, -8, 12, 16, -40, -32, 126, -1, 10, 42, -12, -93, 15, 45, 93, -76, -106])[0m
[0m2021-04-06 01:20:20 V/Net 246987206: Send: MessageSvc.PbSendMsg[0m
[0m2021-04-06 01:20:20 V/Net 246987206: Recv: MessageSvcPbSendMsg.Response.SUCCESS[0m
[0m2021-04-06 01:20:21 V/Net 246987206: Send: Heartbeat.Alive[0m
[0m2021-04-06 01:20:21 V/Net 246987206: Recv: Heartbeat.Alive.Response[0m
