[0m2021-03-03 18:23:09 V/Net 246987206: Loading BdhSession from cache file[0m
[0m2021-03-03 18:23:09 V/Net 246987206: Loading server list from cache.[0m
[92m2021-03-03 18:23:09 I/Net 246987206: Connected to server 114.221.151.172:443[0m
[0m2021-03-03 18:23:09 V/Net 246987206: Send: wtlogin.login[0m
[0m2021-03-03 18:23:09 V/Net 246987206: Recv: LoginPacketResponse.Success[0m
[92m2021-03-03 18:23:09 I/Net 246987206: Login successful[0m
[0m2021-03-03 18:23:09 V/Net 246987206: Send: StatSvc.register[0m
[0m2021-03-03 18:23:10 V/Net 246987206: Recv: Response(StatSvc.register)[0m
[92m2021-03-03 18:23:10 I/Net 246987206: Scheduled key refresh in 5h 55min 0.0s.[0m
[0m2021-03-03 18:23:10 V/Net 246987206: Send: StatSvc.register[0m
[0m2021-03-03 18:23:10 V/Net 246987206: Recv: Response(StatSvc.register)[0m
[92m2021-03-03 18:23:10 I/Net 246987206: Awaiting ConfigPushSvc.PushReq.[0m
[92m2021-03-03 18:23:10 I/Net 246987206: Syncing friend message history...[0m
[92m2021-03-03 18:23:10 I/Net 246987206: Start loading friend list...[0m
[92m2021-03-03 18:23:10 I/Net 246987206: Start loading stranger list...[0m
[0m2021-03-03 18:23:10 V/Net 246987206: Send: MessageSvc.PbGetMsg[0m
[0m2021-03-03 18:23:10 V/Net 246987206: Send: StatSvc.GetDevLoginInfo[0m
[0m2021-03-03 18:23:10 V/Net 246987206: Send: friendlist.getFriendGroupList[0m
[0m2021-03-03 18:23:10 V/Net 246987206: Send: OidbSvc.0x496[0m
[0m2021-03-03 18:23:10 V/Net 246987206: Send: OidbSvc.0x5d2_0[0m
[0m2021-03-03 18:23:10 V/Net 246987206: Recv: StrangerList.GetStrangerList.Response(result=0)[0m
[92m2021-03-03 18:23:10 I/Net 246987206: Successfully loaded stranger list: 0 in total[0m
[0m2021-03-03 18:23:10 V/Net 246987206: Recv: StatSvc.GetDevLoginInfo.Response(deviceList.size=1)[0m
[0m2021-03-03 18:23:10 V/Net 246987206: Recv: TroopManagement.GetTroopConfig.Response(true)[0m
[92m2021-03-03 18:23:10 I/Net 246987206: Start loading group list...[0m
[0m2021-03-03 18:23:10 V/Net 246987206: Send: friendlist.GetTroopListReqV2[0m
[0m2021-03-03 18:23:10 V/Net 246987206: Recv: FriendList.GetFriendGroupList.Response[0m
[0m2021-03-03 18:23:10 V/Net 246987206: Loading friend list: 3/3[0m
[92m2021-03-03 18:23:10 I/Net 246987206: Successfully loaded friend list: 3 in total[0m
[0m2021-03-03 18:23:10 V/Net 246987206: Send: MessageSvc.PbDeleteMsg[0m
[92m2021-03-03 18:23:10 I/Net 246987206: Syncing friend message history: Success.[0m
[0m2021-03-03 18:23:10 V/Net 246987206: Recv: FriendList.GetFriendGroupList.Response[0m
[0m2021-03-03 18:23:10 V/Net 246987206: Send: friendlist.GetTroopMemberListReq[0m
[0m2021-03-03 18:23:10 V/Net 246987206: Send: friendlist.GetTroopMemberListReq[0m
[0m2021-03-03 18:23:10 V/Net 246987206: Recv: FriendList.GetTroopMemberList.Response[0m
[0m2021-03-03 18:23:10 V/Net 246987206: Recv: FriendList.GetTroopMemberList.Response[0m
[92m2021-03-03 18:23:10 I/Net 246987206: Successfully loaded group list: 2 in total.[0m
[0m2021-03-03 18:23:13 V/Net 246987206: Recv: ConfigPushSvc.PushReq.PushReqResponse.ServerListPush[0m
[92m2021-03-03 18:23:13 I/Net 246987206: Server list updated.[0m
[0m2021-03-03 18:23:13 V/Net 246987206: Saving bdh session to cache[0m
[0m2021-03-03 18:23:13 V/Net 246987206: Saving server list to cache[0m
[0m2021-03-03 18:23:13 V/Net 246987206: Send: ConfigPushSvc.PushResp[0m
[92m2021-03-03 18:23:13 I/Net 246987206: ConfigPushSvc.PushReq: Server updated.[0m
[96m2021-03-03 18:23:13 D/Net 246987206: Received unknown commandName: ConfigPushSvc.PushDomain[0m
[0m2021-03-03 18:23:13 V/Net 246987206: Recv: ConfigPushSvc.PushReq.PushReqResponse.ConfigPush[0m
[0m2021-03-03 18:23:13 V/Net 246987206: Saving bdh session to cache[0m
[0m2021-03-03 18:23:13 V/Net 246987206: Send: ConfigPushSvc.PushResp[0m
[0m2021-03-03 18:23:47 V/Net 246987206: Send: MessageSvc.PbSendMsg[0m
[0m2021-03-03 18:23:47 V/Net 246987206: Recv: MessageSvcPbSendMsg.Response.SUCCESS[0m
[0m2021-03-03 18:23:49 V/Net 246987206: Send: OnlinePush.RespPush[0m
[0m2021-03-03 18:23:57 V/Net 246987206: Send: OnlinePush.RespPush[0m
[0m2021-03-03 18:25:02 V/Net 246987206: Send: MessageSvc.PbSendMsg[0m
[0m2021-03-03 18:25:03 V/Net 246987206: Recv: MessageSvcPbSendMsg.Response.SUCCESS[0m
[0m2021-03-03 18:25:37 V/Net 246987206: Send: MessageSvc.PbSendMsg[0m
[0m2021-03-03 18:25:37 V/Net 246987206: Recv: MessageSvcPbSendMsg.Response.SUCCESS[0m
[0m2021-03-03 18:26:18 V/Net 246987206: Send: MessageSvc.PbSendMsg[0m
[0m2021-03-03 18:26:18 V/Net 246987206: Recv: MessageSvcPbSendMsg.Response.SUCCESS[0m
[0m2021-03-03 18:26:21 V/Net 246987206: Send: MessageSvc.PbSendMsg[0m
[0m2021-03-03 18:26:21 V/Net 246987206: Recv: MessageSvcPbSendMsg.Response.SUCCESS[0m
[0m2021-03-03 18:27:40 V/Net 246987206: Send: Heartbeat.Alive[0m
[0m2021-03-03 18:27:40 V/Net 246987206: Recv: Heartbeat.Alive.Response[0m
[0m2021-03-03 18:32:10 V/Net 246987206: Send: Heartbeat.Alive[0m
[0m2021-03-03 18:32:10 V/Net 246987206: Recv: Heartbeat.Alive.Response[0m
[0m2021-03-03 18:33:05 V/Net 246987206: Send: MessageSvc.PbSendMsg[0m
[0m2021-03-03 18:33:05 V/Net 246987206: Recv: MessageSvcPbSendMsg.Response.SUCCESS[0m
[0m2021-03-03 18:35:09 V/Net 246987206: Send: MessageSvc.PbSendMsg[0m
[0m2021-03-03 18:35:09 V/Net 246987206: Recv: MessageSvcPbSendMsg.Response.SUCCESS[0m
[0m2021-03-03 18:35:11 V/Net 246987206: Send: MessageSvc.PbSendMsg[0m
[0m2021-03-03 18:35:11 V/Net 246987206: Recv: MessageSvcPbSendMsg.Response.SUCCESS[0m
[0m2021-03-03 18:35:15 V/Net 246987206: Send: ImgStore.GroupPicUp[0m
[0m2021-03-03 18:35:15 V/Net 246987206: Recv: FileExists(fileId=2224508574, fileInfo=ImgInfo(fileMd5=[-31, 73, -8, -51, 48, 122, -43, 57, 77, -3, 120, 31, -84, -70, 79, -24], fileType=2001, fileSize=286313, fileWidth=0, fileHeight=0))[0m
[0m2021-03-03 18:35:15 V/Net 246987206: Send: ImgStore.GroupPicUp[0m
[0m2021-03-03 18:35:15 V/Net 246987206: Recv: RequireUpload(fileId=3003962914, uKey=[107, -33, 88, -58, -89, -103, 58, -115, -27, 94, -101, 37, -125, 94, 99, 111, -69, 99, 31, 10, 109, -91, 94, 64, 34, -52, 44, -62, 49, -128, -110, -44, -7, -89, -8, -78, 106, -41, 11, 48, -36, -58, 18, 28, 1, 103, 61, -15, -34, 80, -74, -44, 56, 99, 122, 93, 78, 36, -69, 107, -41, 83, 83, 58, 118, -24, -7, 45, 48, 49, 109, -84, -107, 114, -71, 82, 104, 14, -122, -22, -58, 41, 13, -93, -92, -67, -63, 57, 117, -119, -55, 121, 105, 78, -31, -116, 80, -82, 81, 40, 7, 62, 114, 14, 94, 100, -23, -79, -17, -124, 71, 34, 77, 8, 16, 125, -97, -53, 8, 119, 81, 40, 57, 124, -30, 53, -26, -101])[0m
[0m2021-03-03 18:35:15 V/Net 246987206: Send: MessageSvc.PbSendMsg[0m
[0m2021-03-03 18:35:16 V/Net 246987206: Recv: MessageSvcPbSendMsg.Response.SUCCESS[0m
[0m2021-03-03 18:36:40 V/Net 246987206: Send: Heartbeat.Alive[0m
[0m2021-03-03 18:36:40 V/Net 246987206: Recv: Heartbeat.Alive.Response[0m
[0m2021-03-03 18:38:48 V/Net 246987206: Send: MessageSvc.PbSendMsg[0m
[0m2021-03-03 18:38:48 V/Net 246987206: Recv: MessageSvcPbSendMsg.Response.SUCCESS[0m
[0m2021-03-03 18:39:24 V/Net 246987206: Send: MessageSvc.PbSendMsg[0m
[0m2021-03-03 18:39:24 V/Net 246987206: Recv: MessageSvcPbSendMsg.Response.SUCCESS[0m
[0m2021-03-03 18:40:00 V/Net 246987206: Send: MessageSvc.PbSendMsg[0m
[0m2021-03-03 18:40:00 V/Net 246987206: Recv: MessageSvcPbSendMsg.Response.SUCCESS[0m
[0m2021-03-03 18:41:10 V/Net 246987206: Send: Heartbeat.Alive[0m
[0m2021-03-03 18:41:10 V/Net 246987206: Recv: Heartbeat.Alive.Response[0m
[0m2021-03-03 18:41:43 V/Net 246987206: Send: MessageSvc.PbSendMsg[0m
[0m2021-03-03 18:41:43 V/Net 246987206: Recv: MessageSvcPbSendMsg.Response.SUCCESS[0m
[0m2021-03-03 18:43:27 V/Net 246987206: Send: MessageSvc.PbSendMsg[0m
[0m2021-03-03 18:43:27 V/Net 246987206: Recv: MessageSvcPbSendMsg.Response.SUCCESS[0m
[0m2021-03-03 18:44:37 V/Net 246987206: Send: MessageSvc.PbSendMsg[0m
[0m2021-03-03 18:44:37 V/Net 246987206: Recv: MessageSvcPbSendMsg.Response.SUCCESS[0m
[0m2021-03-03 18:44:44 V/Net 246987206: Send: ImgStore.GroupPicUp[0m
[0m2021-03-03 18:44:44 V/Net 246987206: Recv: FileExists(fileId=2324627277, fileInfo=ImgInfo(fileMd5=[-83, 109, 7, -128, 85, -5, -106, -56, -88, 74, -96, -119, 102, 68, 111, -15], fileType=2001, fileSize=1462499, fileWidth=0, fileHeight=0))[0m
[0m2021-03-03 18:44:44 V/Net 246987206: Send: ImgStore.GroupPicUp[0m
[0m2021-03-03 18:44:44 V/Net 246987206: Recv: RequireUpload(fileId=3063980156, uKey=[44, 47, -36, -8, -22, 14, 46, -127, 119, 120, -40, -46, 21, 69, -69, -80, -32, -73, -39, -120, 77, 9, 126, 4, -100, 105, -12, -106, -51, -58, -102, 19, 33, 94, 59, 11, 44, -98, 113, 64, 66, -118, -45, -103, 75, 47, 12, 120, -39, 12, 56, 35, 8, -3, -115, -99, 81, 39, 14, -47, -66, 53, -47, 89, -28, 96, -95, 56, -44, -96, -16, -67, -96, 96, 52, 64, -37, 78, 100, 126, 93, -106, 29, 97, 61, -123, 123, -10, 38, 104, 112, -15, -40, -96, 118, -58, -77, -43, -23, 9, 92, 7, -111, 36, 83, -62, -79, 112, -56, -21, -114, -1, -10, -117, -41, 26, -20, -39, -55, -72, 65, -82, 33, -56, 2, -6, 75, -103])[0m
[0m2021-03-03 18:44:44 V/Net 246987206: Send: MessageSvc.PbSendMsg[0m
[0m2021-03-03 18:44:44 V/Net 246987206: Recv: MessageSvcPbSendMsg.Response.SUCCESS[0m
[0m2021-03-03 18:45:16 V/Net 246987206: Send: MessageSvc.PbSendMsg[0m
[0m2021-03-03 18:45:17 V/Net 246987206: Recv: MessageSvcPbSendMsg.Response.SUCCESS[0m
[0m2021-03-03 18:45:20 V/Net 246987206: Send: ImgStore.GroupPicUp[0m
[0m2021-03-03 18:45:21 V/Net 246987206: Recv: FileExists(fileId=2468397948, fileInfo=ImgInfo(fileMd5=[26, 17, 82, 111, -66, -34, 40, -121, 62, 23, -75, 2, -47, -25, 73, 120], fileType=2001, fileSize=582574, fileWidth=0, fileHeight=0))[0m
[0m2021-03-03 18:45:21 V/Net 246987206: Send: ImgStore.GroupPicUp[0m
[0m2021-03-03 18:45:21 V/Net 246987206: Recv: RequireUpload(fileId=2360886482, uKey=[-87, 43, 21, 100, 94, 110, -99, -107, -116, -9, -26, -32, -8, -32, -115, -32, 44, -66, 0, -115, -8, 18, 108, -115, 51, 103, 0, 47, -55, -9, 6, -9, -44, 101, 122, 37, -34, 33, 59, -27, 67, 70, 111, 77, 114, -17, -84, -79, 62, -54, 33, 76, -82, 81, 5, -18, 45, 43, 127, 63, -39, 78, -121, -115, 84, 49, -61, -14, -78, 20, -111, 68, 82, -102, -61, -47, -52, -128, -11, 121, 33, -64, -55, -98, -95, 51, -79, 126, 84, 64, 38, 23, 22, -80, 30, -45, 115, -39, 42, -67, 89, 25, 99, 105, 73, 102, -126, -117, 68, 116, 61, -6, -67, -116, -108, -82, -37, -124, -78, 105, 2, 53, -57, 18, 79, -100, 115, 25])[0m
[0m2021-03-03 18:45:21 V/Net 246987206: Send: MessageSvc.PbSendMsg[0m
[0m2021-03-03 18:45:21 V/Net 246987206: Recv: MessageSvcPbSendMsg.Response.SUCCESS[0m
[0m2021-03-03 18:45:28 V/Net 246987206: Send: MessageSvc.PbSendMsg[0m
[0m2021-03-03 18:45:28 V/Net 246987206: Recv: MessageSvcPbSendMsg.Response.SUCCESS[0m
[0m2021-03-03 18:45:34 V/Net 246987206: Send: ImgStore.GroupPicUp[0m
[0m2021-03-03 18:45:35 V/Net 246987206: Recv: FileExists(fileId=2347515607, fileInfo=ImgInfo(fileMd5=[-69, -84, -38, -31, -108, 14, -13, 11, 118, 33, -111, 67, -61, 75, -110, -117], fileType=2001, fileSize=3513884, fileWidth=0, fileHeight=0))[0m
[0m2021-03-03 18:45:35 V/Net 246987206: Send: ImgStore.GroupPicUp[0m
[0m2021-03-03 18:45:35 V/Net 246987206: Recv: RequireUpload(fileId=3185508905, uKey=[87, 0, -117, -85, -80, -88, 56, 108, -57, 74, -68, 127, -42, 94, 4, 21, 50, 62, 24, -37, -94, -28, -41, -37, -84, 106, -103, -88, 72, 47, -44, 25, -81, 116, -104, 60, 107, -79, -4, 46, 45, 0, -12, 107, -104, 52, -52, 46, 50, -69, -91, 61, 0, -57, -26, -57, 64, -83, -71, -79, 104, 111, 6, 84, 0, 78, -23, 14, 113, 23, 16, 9, -105, -80, -36, 52, 77, -40, -6, 61, 14, 121, -51, -3, 54, 109, 32, 65, -108, -102, -117, -73, -101, 85, -44, -41, -15, 63, -121, 123, 124, -49, 48, 38, 57, -29, 103, 112, 15, -33, -126, 20, -82, -127, -84, 15, -118, 122, 31, 55, -45, 64, 65, -71, 84, 112, 92, 27])[0m
[0m2021-03-03 18:45:35 V/Net 246987206: Send: MessageSvc.PbSendMsg[0m
[0m2021-03-03 18:45:35 V/Net 246987206: Recv: MessageSvcPbSendMsg.Response.SUCCESS[0m
[0m2021-03-03 18:45:40 V/Net 246987206: Send: Heartbeat.Alive[0m
[0m2021-03-03 18:45:40 V/Net 246987206: Recv: Heartbeat.Alive.Response[0m
[0m2021-03-03 18:50:10 V/Net 246987206: Send: Heartbeat.Alive[0m
[0m2021-03-03 18:50:10 V/Net 246987206: Recv: Heartbeat.Alive.Response[0m
[0m2021-03-03 18:50:36 V/Net 246987206: Send: MessageSvc.PbSendMsg[0m
[0m2021-03-03 18:50:36 V/Net 246987206: Recv: MessageSvcPbSendMsg.Response.SUCCESS[0m
[0m2021-03-03 18:50:43 V/Net 246987206: Send: ImgStore.GroupPicUp[0m
[0m2021-03-03 18:50:43 V/Net 246987206: Recv: FileExists(fileId=2352438664, fileInfo=ImgInfo(fileMd5=[-106, -6, -126, 46, 19, 121, -87, -50, 22, 81, -124, 116, -93, 27, -97, 60], fileType=2001, fileSize=861226, fileWidth=0, fileHeight=0))[0m
[0m2021-03-03 18:50:43 V/Net 246987206: Send: ImgStore.GroupPicUp[0m
[0m2021-03-03 18:50:43 V/Net 246987206: Recv: RequireUpload(fileId=2820800795, uKey=[-73, -89, 42, -66, -92, 68, 19, -46, -48, -4, -9, 32, 6, 46, 45, -36, 5, 80, -57, 123, -34, -63, 1, -50, 23, -109, 55, 114, -43, -36, -87, 53, 20, -33, 17, 56, -71, -6, 119, -61, 80, -56, -72, 31, 24, -43, -23, -116, -93, -62, 107, -105, -98, -22, -26, -105, -97, -126, 73, 100, 105, -28, 95, -125, -35, -81, 35, 121, 25, 126, -42, 11, 73, 7, 96, -17, 10, 58, 68, -125, 39, -73, 74, 118, 49, 72, 10, 108, 88, -30, 111, 74, 99, -111, -11, 35, -27, 54, -64, 93, 12, 120, -61, 90, 44, -21, 46, -78, 92, -66, 57, -82, 117, 4, -85, 52, 65, -1, -97, -98, 70, 83, -68, 122, 62, 110, 87, 91])[0m
[0m2021-03-03 18:50:43 V/Net 246987206: Send: MessageSvc.PbSendMsg[0m
[0m2021-03-03 18:50:43 V/Net 246987206: Recv: MessageSvcPbSendMsg.Response.SUCCESS[0m
[0m2021-03-03 18:54:40 V/Net 246987206: Send: Heartbeat.Alive[0m
[0m2021-03-03 18:54:40 V/Net 246987206: Recv: Heartbeat.Alive.Response[0m
