[0m2021-03-02 12:30:56 V/Net 246987206: Loading BdhSession from cache file[0m
[0m2021-03-02 12:30:56 V/Net 246987206: Loading server list from cache.[0m
[92m2021-03-02 12:30:56 I/Net 246987206: Connected to server 114.221.151.164:8080[0m
[0m2021-03-02 12:30:56 V/Net 246987206: Send: wtlogin.login[0m
[0m2021-03-02 12:30:56 V/Net 246987206: Recv: LoginPacketResponse.Success[0m
[92m2021-03-02 12:30:56 I/Net 246987206: Login successful[0m
[0m2021-03-02 12:30:56 V/Net 246987206: Send: StatSvc.register[0m
[0m2021-03-02 12:30:57 V/Net 246987206: Recv: Response(StatSvc.register)[0m
[92m2021-03-02 12:30:57 I/Net 246987206: Scheduled key refresh in 5h 55min 0.0s.[0m
[0m2021-03-02 12:30:57 V/Net 246987206: Send: StatSvc.register[0m
[0m2021-03-02 12:30:57 V/Net 246987206: Recv: Response(StatSvc.register)[0m
[92m2021-03-02 12:30:57 I/Net 246987206: Awaiting ConfigPushSvc.PushReq.[0m
[92m2021-03-02 12:30:57 I/Net 246987206: Syncing friend message history...[0m
[92m2021-03-02 12:30:57 I/Net 246987206: Start loading friend list...[0m
[92m2021-03-02 12:30:57 I/Net 246987206: Start loading stranger list...[0m
[0m2021-03-02 12:30:57 V/Net 246987206: Send: MessageSvc.PbGetMsg[0m
[0m2021-03-02 12:30:57 V/Net 246987206: Send: StatSvc.GetDevLoginInfo[0m
[0m2021-03-02 12:30:57 V/Net 246987206: Send: friendlist.getFriendGroupList[0m
[0m2021-03-02 12:30:57 V/Net 246987206: Send: OidbSvc.0x496[0m
[0m2021-03-02 12:30:57 V/Net 246987206: Send: OidbSvc.0x5d2_0[0m
[0m2021-03-02 12:30:57 V/Net 246987206: Recv: StrangerList.GetStrangerList.Response(result=0)[0m
[92m2021-03-02 12:30:57 I/Net 246987206: Successfully loaded stranger list: 0 in total[0m
[0m2021-03-02 12:30:57 V/Net 246987206: Recv: StatSvc.GetDevLoginInfo.Response(deviceList.size=1)[0m
[92m2021-03-02 12:30:57 I/Net 246987206: Syncing friend message history: Success.[0m
[0m2021-03-02 12:30:57 V/Net 246987206: Recv: TroopManagement.GetTroopConfig.Response(true)[0m
[92m2021-03-02 12:30:57 I/Net 246987206: Start loading group list...[0m
[0m2021-03-02 12:30:57 V/Net 246987206: Recv: FriendList.GetFriendGroupList.Response[0m
[0m2021-03-02 12:30:57 V/Net 246987206: Loading friend list: 3/3[0m
[92m2021-03-02 12:30:57 I/Net 246987206: Successfully loaded friend list: 3 in total[0m
[0m2021-03-02 12:30:57 V/Net 246987206: Send: friendlist.GetTroopListReqV2[0m
[0m2021-03-02 12:30:57 V/Net 246987206: Recv: FriendList.GetFriendGroupList.Response[0m
[0m2021-03-02 12:30:57 V/Net 246987206: Send: friendlist.GetTroopMemberListReq[0m
[0m2021-03-02 12:30:57 V/Net 246987206: Send: friendlist.GetTroopMemberListReq[0m
[0m2021-03-02 12:30:57 V/Net 246987206: Recv: FriendList.GetTroopMemberList.Response[0m
[0m2021-03-02 12:30:57 V/Net 246987206: Recv: FriendList.GetTroopMemberList.Response[0m
[92m2021-03-02 12:30:57 I/Net 246987206: Successfully loaded group list: 2 in total.[0m
[0m2021-03-02 12:30:59 V/Net 246987206: Recv: ConfigPushSvc.PushReq.PushReqResponse.ServerListPush[0m
[92m2021-03-02 12:30:59 I/Net 246987206: Server list updated.[0m
[0m2021-03-02 12:30:59 V/Net 246987206: Saving bdh session to cache[0m
[0m2021-03-02 12:30:59 V/Net 246987206: Saving server list to cache[0m
[0m2021-03-02 12:30:59 V/Net 246987206: Send: ConfigPushSvc.PushResp[0m
[92m2021-03-02 12:30:59 I/Net 246987206: ConfigPushSvc.PushReq: Server updated.[0m
[96m2021-03-02 12:31:00 D/Net 246987206: Received unknown commandName: ConfigPushSvc.PushDomain[0m
[0m2021-03-02 12:31:00 V/Net 246987206: Recv: ConfigPushSvc.PushReq.PushReqResponse.ConfigPush[0m
[0m2021-03-02 12:31:00 V/Net 246987206: Saving bdh session to cache[0m
[0m2021-03-02 12:31:00 V/Net 246987206: Send: ConfigPushSvc.PushResp[0m
[96m2021-03-02 12:31:07 D/Net 246987206: Received unknown commandName: QualityTest.PushList[0m
[0m2021-03-02 12:31:28 V/Net 246987206: Send: MessageSvc.PbSendMsg[0m
[0m2021-03-02 12:31:28 V/Net 246987206: Recv: MessageSvcPbSendMsg.Response.SUCCESS[0m
[0m2021-03-02 12:31:36 V/Net 246987206: Send: OnlinePush.RespPush[0m
[0m2021-03-02 12:31:36 V/Net 246987206: Send: MessageSvc.PbSendMsg[0m
[0m2021-03-02 12:31:36 V/Net 246987206: Recv: MessageSvcPbSendMsg.Response.SUCCESS[0m
[0m2021-03-02 12:31:44 V/Net 246987206: Send: OnlinePush.RespPush[0m
[0m2021-03-02 12:32:50 V/Net 246987206: Send: MessageSvc.PbSendMsg[0m
[0m2021-03-02 12:32:50 V/Net 246987206: Recv: MessageSvcPbSendMsg.Response.SUCCESS[0m
[0m2021-03-02 12:32:54 V/Net 246987206: Send: ImgStore.GroupPicUp[0m
[0m2021-03-02 12:32:54 V/Net 246987206: Recv: FileExists(fileId=2221334854, fileInfo=ImgInfo(fileMd5=[43, -10, -19, -69, 63, -17, 68, 110, 43, 88, 63, -49, 98, 115, 43, -109], fileType=2001, fileSize=7441, fileWidth=0, fileHeight=0))[0m
[0m2021-03-02 12:32:54 V/Net 246987206: Send: ImgStore.GroupPicUp[0m
[0m2021-03-02 12:32:54 V/Net 246987206: Recv: RequireUpload(fileId=2895559014, uKey=[-29, 69, 127, 65, 71, -81, 91, 123, -48, 62, 55, 85, -73, 110, -102, 99, -77, 110, 5, 16, -10, 12, 69, -99, -96, -121, 22, 116, 9, -34, 65, -12, 94, -29, -93, 62, -21, 65, 102, -20, 75, -16, -3, -45, -100, -121, -12, -10, 86, 33, 65, -92, 44, 65, 72, -100, 8, -1, 35, -12, 109, 45, 83, 35, 106, 26, -17, -24, 7, 108, -59, 91, 39, 34, -90, 16, -100, 85, -52, -59, -13, 72, -111, 19, 125, 122, 22, 80, -36, 1, -67, -62, 48, -91, -37, 41, 85, 91, 25, 72, 70, -124, 8, 76, 123, -120, 124, 123, -78, 63, -91, -81, 14, 68, 100, -41, 110, -107, 103, 36, 83, 69, -30, -115, 9, -108, 104, -27])[0m
[0m2021-03-02 12:32:54 V/Net 246987206: Send: MessageSvc.PbSendMsg[0m
[0m2021-03-02 12:32:54 V/Net 246987206: Recv: MessageSvcPbSendMsg.Response.SUCCESS[0m
[0m2021-03-02 12:35:27 V/Net 246987206: Send: Heartbeat.Alive[0m
[0m2021-03-02 12:35:27 V/Net 246987206: Recv: Heartbeat.Alive.Response[0m
[0m2021-03-02 12:37:03 V/Net 246987206: Send: MessageSvc.PbSendMsg[0m
[0m2021-03-02 12:37:03 V/Net 246987206: Recv: MessageSvcPbSendMsg.Response.SUCCESS[0m
[0m2021-03-02 12:39:57 V/Net 246987206: Send: Heartbeat.Alive[0m
[0m2021-03-02 12:39:57 V/Net 246987206: Recv: Heartbeat.Alive.Response[0m
[0m2021-03-02 12:44:27 V/Net 246987206: Send: Heartbeat.Alive[0m
[0m2021-03-02 12:44:27 V/Net 246987206: Recv: Heartbeat.Alive.Response[0m
[0m2021-03-02 12:48:57 V/Net 246987206: Send: Heartbeat.Alive[0m
[0m2021-03-02 12:48:57 V/Net 246987206: Recv: Heartbeat.Alive.Response[0m
[0m2021-03-02 12:53:27 V/Net 246987206: Send: Heartbeat.Alive[0m
[0m2021-03-02 12:53:27 V/Net 246987206: Recv: Heartbeat.Alive.Response[0m
[0m2021-03-02 12:53:48 V/Net 246987206: Channel closed.[0m
[0m2021-03-02 12:53:48 V/Net 246987206: Loading BdhSession from cache file[0m
[92m2021-03-02 12:53:48 I/Net 246987206: Connected to server 119.147.179.200:80[0m
[0m2021-03-02 12:53:48 V/Net 246987206: Send: wtlogin.login[0m
[0m2021-03-02 12:53:48 V/Net 246987206: Recv: LoginPacketResponse.Success[0m
[92m2021-03-02 12:53:48 I/Net 246987206: Login successful[0m
[0m2021-03-02 12:53:48 V/Net 246987206: Send: StatSvc.register[0m
[0m2021-03-02 12:53:48 V/Net 246987206: Recv: Response(StatSvc.register)[0m
[92m2021-03-02 12:53:48 I/Net 246987206: Scheduled key refresh in 5h 55min 0.0s.[0m
[92m2021-03-02 12:53:48 I/Net 246987206: Syncing friend message history...[0m
[0m2021-03-02 12:53:48 V/Net 246987206: Send: MessageSvc.PbGetMsg[0m
[92m2021-03-02 12:53:48 I/Net 246987206: Syncing friend message history: Success.[0m
[0m2021-03-02 12:53:51 V/Net 246987206: Recv: ConfigPushSvc.PushReq.PushReqResponse.ServerListPush[0m
[92m2021-03-02 12:53:51 I/Net 246987206: Server list updated.[0m
[0m2021-03-02 12:53:51 V/Net 246987206: Saving bdh session to cache[0m
[0m2021-03-02 12:53:51 V/Net 246987206: Saving server list to cache[0m
[0m2021-03-02 12:53:51 V/Net 246987206: Send: ConfigPushSvc.PushResp[0m
[96m2021-03-02 12:53:51 D/Net 246987206: Received unknown commandName: ConfigPushSvc.PushDomain[0m
[0m2021-03-02 12:53:51 V/Net 246987206: Recv: ConfigPushSvc.PushReq.PushReqResponse.ConfigPush[0m
[0m2021-03-02 12:53:51 V/Net 246987206: Saving bdh session to cache[0m
[0m2021-03-02 12:53:51 V/Net 246987206: Send: ConfigPushSvc.PushResp[0m
[0m2021-03-02 12:58:18 V/Net 246987206: Send: Heartbeat.Alive[0m
[0m2021-03-02 12:58:18 V/Net 246987206: Recv: Heartbeat.Alive.Response[0m
[0m2021-03-02 13:02:48 V/Net 246987206: Send: Heartbeat.Alive[0m
[0m2021-03-02 13:02:48 V/Net 246987206: Recv: Heartbeat.Alive.Response[0m
[0m2021-03-02 13:04:34 V/Net 246987206: Send: MessageSvc.PbSendMsg[0m
[0m2021-03-02 13:04:34 V/Net 246987206: Recv: MessageSvcPbSendMsg.Response.SUCCESS[0m
[0m2021-03-02 13:07:18 V/Net 246987206: Send: Heartbeat.Alive[0m
[0m2021-03-02 13:07:18 V/Net 246987206: Recv: Heartbeat.Alive.Response[0m
[0m2021-03-02 13:07:32 V/Net 246987206: Send: MessageSvc.PbSendMsg[0m
[0m2021-03-02 13:07:32 V/Net 246987206: Recv: MessageSvcPbSendMsg.Response.SUCCESS[0m
[0m2021-03-02 13:07:44 V/Net 246987206: Send: ImgStore.GroupPicUp[0m
[0m2021-03-02 13:07:44 V/Net 246987206: Recv: FileExists(fileId=2905898378, fileInfo=ImgInfo(fileMd5=[-65, -55, -16, 19, 78, 31, -60, 64, -56, 10, -48, -19, 6, 56, -32, 35], fileType=2001, fileSize=2277442, fileWidth=0, fileHeight=0))[0m
[0m2021-03-02 13:07:44 V/Net 246987206: Send: ImgStore.GroupPicUp[0m
[0m2021-03-02 13:07:44 V/Net 246987206: Recv: RequireUpload(fileId=2988636628, uKey=[24, -5, 63, 120, 24, 8, -76, 45, 53, -95, 94, 2, 57, -117, 24, -14, -102, -113, -99, 57, 106, 122, -33, -80, 13, 54, 112, -36, 76, 67, 101, 64, 56, 111, -118, 29, -94, 120, 25, -81, 34, 101, -127, -104, -25, 98, -41, -26, -40, 84, 23, 37, -13, 60, 23, -88, -69, 75, 74, 54, 108, 127, 82, -35, -99, 102, -73, -28, -84, -124, 85, 105, -113, 116, -128, 44, -108, -109, -110, 64, 120, 115, -87, 32, 43, 66, -94, 63, -127, 121, -100, 3, 97, -48, 48, 92, -74, 77, 35, -15, -70, -93, -77, -96, -38, -121, 10, -44, 83, 62, 55, -123, -89, 18, 98, 25, -73, 43, 83, -24, 86, -32, 35, -112, -1, 104, 120, -2])[0m
[0m2021-03-02 13:07:44 V/Net 246987206: Send: MessageSvc.PbSendMsg[0m
[0m2021-03-02 13:07:45 V/Net 246987206: Recv: MessageSvcPbSendMsg.Response.SUCCESS[0m
[0m2021-03-02 13:07:49 V/Net 246987206: Send: MessageSvc.PbSendMsg[0m
[0m2021-03-02 13:07:49 V/Net 246987206: Recv: MessageSvcPbSendMsg.Response.SUCCESS[0m
[0m2021-03-02 13:10:36 V/Net 246987206: Send: ImgStore.GroupPicUp[0m
[0m2021-03-02 13:10:36 V/Net 246987206: Recv: FileExists(fileId=2655935572, fileInfo=ImgInfo(fileMd5=[26, 64, 96, 36, -23, 79, -5, -105, -60, -34, 121, -125, -96, 88, -43, 77], fileType=2001, fileSize=5590095, fileWidth=0, fileHeight=0))[0m
[0m2021-03-02 13:10:36 V/Net 246987206: Send: ImgStore.GroupPicUp[0m
[0m2021-03-02 13:10:36 V/Net 246987206: Recv: RequireUpload(fileId=2899156248, uKey=[93, -55, 11, 60, -75, -62, -1, 12, 42, -107, 25, 39, -109, 103, 91, 46, -51, -1, 24, 52, 104, -82, -49, 71, 110, 6, 94, 119, -68, 107, 125, -68, -35, 48, -113, 69, -65, 3, 115, -121, -53, -126, 5, -121, 113, -13, 114, 114, -49, -127, -39, -48, 11, -65, 10, 65, -102, -71, 80, -116, 44, 66, -128, 27, 53, 22, -35, 60, -40, 93, -63, 90, -53, 40, -6, -58, -40, -72, 76, -116, -82, -39, -31, 72, 74, 5, 24, -46, -15, -56, 72, -114, 21, -80, 5, -48, -105, 24, -41, -34, -68, -92, -9, 53, -93, -75, 116, -113, 70, -31, -14, 118, 12, 11, -73, 106, -117, 27, 36, -57, -44, -58, 117, -120, 22, -8, -47, 45])[0m
[0m2021-03-02 13:10:36 V/Net 246987206: Send: MessageSvc.PbSendMsg[0m
[0m2021-03-02 13:10:36 V/Net 246987206: Recv: MessageSvcPbSendMsg.Response.SUCCESS[0m
[0m2021-03-02 13:11:38 V/Net 246987206: Send: ImgStore.GroupPicUp[0m
[0m2021-03-02 13:11:38 V/Net 246987206: Recv: FileExists(fileId=2691064646, fileInfo=ImgInfo(fileMd5=[-85, 111, 63, -82, 3, -103, 102, 79, -11, -118, -90, -99, -47, -38, -81, -70], fileType=2001, fileSize=822249, fileWidth=0, fileHeight=0))[0m
[0m2021-03-02 13:11:38 V/Net 246987206: Send: ImgStore.GroupPicUp[0m
[0m2021-03-02 13:11:38 V/Net 246987206: Recv: RequireUpload(fileId=2563380729, uKey=[119, 40, 74, -7, 104, 106, 89, -57, -98, 81, 98, -102, -30, 30, 29, 60, 55, -13, -57, -30, -54, -45, 12, 99, -127, -109, -4, -45, 39, -51, 47, 88, -88, 117, -28, -11, 49, 16, 111, -2, 14, -15, -116, -102, -63, 80, 33, 20, -77, 0, -20, -50, 24, 70, 37, -36, 99, 78, 72, 10, 17, 1, 115, -47, 55, -92, -127, -104, -69, -4, 47, 113, -120, -108, -36, 117, -41, 122, 58, -69, 117, -6, 4, -115, 93, 56, 113, -92, 28, 127, 84, -54, -118, -117, 54, 70, 9, 105, 27, 79, -117, 108, 112, 40, 94, -16, -85, -21, 47, -109, 12, 16, -83, -125, 14, -14, 28, 48, -109, 43, -59, 126, 78, 38, -28, 121, 19, -101])[0m
[0m2021-03-02 13:11:38 V/Net 246987206: Send: MessageSvc.PbSendMsg[0m
[0m2021-03-02 13:11:38 V/Net 246987206: Recv: MessageSvcPbSendMsg.Response.SUCCESS[0m
[0m2021-03-02 13:11:48 V/Net 246987206: Send: Heartbeat.Alive[0m
[0m2021-03-02 13:11:48 V/Net 246987206: Recv: Heartbeat.Alive.Response[0m
[0m2021-03-02 13:16:18 V/Net 246987206: Send: Heartbeat.Alive[0m
[0m2021-03-02 13:16:18 V/Net 246987206: Recv: Heartbeat.Alive.Response[0m
[0m2021-03-02 13:20:48 V/Net 246987206: Send: Heartbeat.Alive[0m
[0m2021-03-02 13:20:48 V/Net 246987206: Recv: Heartbeat.Alive.Response[0m
[0m2021-03-02 13:25:18 V/Net 246987206: Send: Heartbeat.Alive[0m
[0m2021-03-02 13:25:18 V/Net 246987206: Recv: Heartbeat.Alive.Response[0m
[0m2021-03-02 13:27:21 V/Net 246987206: Channel closed.[0m
[0m2021-03-02 13:27:21 V/Net 246987206: Loading BdhSession from cache file[0m
[92m2021-03-02 13:27:21 I/Net 246987206: Connected to server 14.215.138.110:8080[0m
[0m2021-03-02 13:27:21 V/Net 246987206: Send: wtlogin.login[0m
[0m2021-03-02 13:27:21 V/Net 246987206: Recv: LoginPacketResponse.Success[0m
[92m2021-03-02 13:27:21 I/Net 246987206: Login successful[0m
[0m2021-03-02 13:27:21 V/Net 246987206: Send: StatSvc.register[0m
[0m2021-03-02 13:27:21 V/Net 246987206: Recv: Response(StatSvc.register)[0m
[92m2021-03-02 13:27:21 I/Net 246987206: Scheduled key refresh in 5h 55min 0.0s.[0m
[92m2021-03-02 13:27:21 I/Net 246987206: Syncing friend message history...[0m
[0m2021-03-02 13:27:21 V/Net 246987206: Send: MessageSvc.PbGetMsg[0m
[92m2021-03-02 13:27:21 I/Net 246987206: Syncing friend message history: Success.[0m
[0m2021-03-02 13:27:24 V/Net 246987206: Recv: ConfigPushSvc.PushReq.PushReqResponse.ServerListPush[0m
[92m2021-03-02 13:27:24 I/Net 246987206: Server list updated.[0m
[0m2021-03-02 13:27:24 V/Net 246987206: Saving bdh session to cache[0m
[0m2021-03-02 13:27:24 V/Net 246987206: Saving server list to cache[0m
[0m2021-03-02 13:27:24 V/Net 246987206: Send: ConfigPushSvc.PushResp[0m
[96m2021-03-02 13:27:24 D/Net 246987206: Received unknown commandName: ConfigPushSvc.PushDomain[0m
[0m2021-03-02 13:27:24 V/Net 246987206: Recv: ConfigPushSvc.PushReq.PushReqResponse.ConfigPush[0m
[0m2021-03-02 13:27:24 V/Net 246987206: Saving bdh session to cache[0m
[0m2021-03-02 13:27:24 V/Net 246987206: Send: ConfigPushSvc.PushResp[0m
[0m2021-03-02 13:31:51 V/Net 246987206: Send: Heartbeat.Alive[0m
[0m2021-03-02 13:31:51 V/Net 246987206: Recv: Heartbeat.Alive.Response[0m
